#
# A fatal error has been detected by the Java Runtime Environment:
#
#  EXCEPTION_ACCESS_VIOLATION (0xc0000005) at pc=0x00007ffd8c0d0335, pid=12392, tid=15008
#
# JRE version: Java(TM) SE Runtime Environment (10.0.2+13) (build 10.0.2+13)
# Java VM: Java HotSpot(TM) 64-Bit Server VM (10.0.2+13, mixed mode, tiered, compressed oops, g1 gc, windows-amd64)
# Problematic frame:
# C  [opencv_java342.dll+0x1620335]
#
# No core dump will be written. Minidumps are not enabled by default on client versions of Windows
#
# If you would like to submit a bug report, please visit:
#   http://bugreport.java.com/bugreport/crash.jsp
# The crash happened outside the Java Virtual Machine in native code.
# See problematic frame for where to report the bug.
#

---------------  S U M M A R Y ------------

Command Line: -Djava.library.path=C:\CSC\opencv\build\java\x64 -Dfile.encoding=Cp1252 edu.augustana.csc285.Curlew.Main

Host: Intel(R) Core(TM) i5-6600 CPU @ 3.30GHz, 4 cores, 15G,  Windows 10 , 64 bit Build 17134 (10.0.17134.1)
Time: Sun Oct 28 20:12:07 2018 Central Daylight Time elapsed time: 15 seconds (0d 0h 0m 15s)

---------------  T H R E A D  ---------------

Current thread (0x0000026556e0e000):  JavaThread "Finalizer" daemon [_thread_in_native, id=15008, stack(0x000000c47d700000,0x000000c47d800000)]

Stack: [0x000000c47d700000,0x000000c47d800000],  sp=0x000000c47d7fecb8,  free space=1019k
Native frames: (J=compiled Java code, j=interpreted, Vv=VM code, C=native code)
C  [opencv_java342.dll+0x1620335]

Java frames: (J=compiled Java code, j=interpreted, Vv=VM code)
j  org.opencv.videoio.VideoCapture.delete(J)V+0
j  org.opencv.videoio.VideoCapture.finalize()V+4
j  java.lang.System$2.invokeFinalize(Ljava/lang/Object;)V+1 java.base@10.0.2
j  java.lang.ref.Finalizer.runFinalizer(Ljdk/internal/misc/JavaLangAccess;)V+46 java.base@10.0.2
j  java.lang.ref.Finalizer.access$100(Ljava/lang/ref/Finalizer;Ljdk/internal/misc/JavaLangAccess;)V+2 java.base@10.0.2
j  java.lang.ref.Finalizer$FinalizerThread.run()V+46 java.base@10.0.2
v  ~StubRoutines::call_stub

siginfo: EXCEPTION_ACCESS_VIOLATION (0xc0000005), reading address 0x000002955d4d2930


Register to memory mapping:

RIP=0x00007ffd8c0d0335 opencv_java342.dll
RAX=0x00007ffd8c0d0330 opencv_java342.dll
RBX={method} {0x00000265664c7ae8} 'delete' '(J)V' in 'org/opencv/videoio/VideoCapture'
RCX=0x0000026556e0e270 is an unknown value
RDX=0x000000c47d7fed50 is pointing into the stack for thread: 0x0000026556e0e000
RSP=0x000000c47d7fecb8 is pointing into the stack for thread: 0x0000026556e0e000
RBP=0x000000c47d7fed40 is pointing into the stack for thread: 0x0000026556e0e000
RSI=0x000002655f65c078 is pointing into metadata
RDI=0x000002653b059e80 is at code_begin+1664 in an Interpreter codelet
invoke return entry points  [0x000002653b059800, 0x000002653b05a1e0]  2528 bytes
R8 =0x000002955d4d2930 is an unknown value
R9 =0x0000026556e08660 is an unknown value
R10=0x000002653b05f2e8 is at code_begin+1000 in an Interpreter codelet
method entry point (kind = native)  [0x000002653b05ef00, 0x000002653b05fa60]  2912 bytes
R11=0x00000006cf302ec0 is an oop
java.lang.Class 
{0x00000006cf302ec0} - klass: 'java/lang/Class'
R12=0x0000000000000000 is an unknown value
R13={method} {0x00000265664c7ae8} 'delete' '(J)V' in 'org/opencv/videoio/VideoCapture'
R14=0x000000c47d7fed68 is pointing into the stack for thread: 0x0000026556e0e000
R15=0x0000026556e0e000 is a thread


Registers:
RAX=0x00007ffd8c0d0330, RBX=0x00000265664c7ae0, RCX=0x0000026556e0e270, RDX=0x000000c47d7fed50
RSP=0x000000c47d7fecb8, RBP=0x000000c47d7fed40, RSI=0x000002655f65c078, RDI=0x000002653b059e80
R8 =0x000002955d4d2930, R9 =0x0000026556e08660, R10=0x000002653b05f2e8, R11=0x00000006cf302ec0
R12=0x0000000000000000, R13=0x00000265664c7ae0, R14=0x000000c47d7fed68, R15=0x0000026556e0e000
RIP=0x00007ffd8c0d0335, EFLAGS=0x0000000000010206

Top of Stack: (sp=0x000000c47d7fecb8)
0x000000c47d7fecb8:   000002653b05f317 000002653b059e80
0x000000c47d7fecc8:   000002653b05f012 00000265664c7ae0
0x000000c47d7fecd8:   000000c47d7fed40 000002655f65c078
0x000000c47d7fece8:   000002655f65c078 000002653b05efb6
0x000000c47d7fecf8:   000000c47d7fecf8 00000265664c7ae0
0x000000c47d7fed08:   000000c47d7fed68 00000265664c8858
0x000000c47d7fed18:   0000000000000000 00000006cf302ec0
0x000000c47d7fed28:   00000265664c7ae0 0000000000000000
0x000000c47d7fed38:   000000c47d7fed60 000000c47d7fedb8
0x000000c47d7fed48:   000002653b05a103 00000006cf302ec0
0x000000c47d7fed58:   000002653b05c258 000002955d4d2930
0x000000c47d7fed68:   0000000000000000 000000c47d7fed70
0x000000c47d7fed78:   00000265664c7034 000000c47d7fedc8
0x000000c47d7fed88:   00000265664c8858 0000000000000000
0x000000c47d7fed98:   00000006cf302ec0 00000265664c7050
0x000000c47d7feda8:   000000c47d7fed60 000000c47d7fedc8 

Instructions: (pc=0x00007ffd8c0d0335)
0x00007ffd8c0d0315:   09 48 8b c8 e8 82 11 65 00 90 eb 02 33 c0 48 83
0x00007ffd8c0d0325:   c4 38 c3 cc cc cc cc cc cc cc cc 4d 85 c0 74 0e
0x00007ffd8c0d0335:   49 8b 00 ba 01 00 00 00 49 8b c8 48 ff 20 c3 cc
0x00007ffd8c0d0345:   cc cc cc cc cc cc cc cc cc cc cc 48 89 4c 24 08 



---------------  P R O C E S S  ---------------

Threads class SMR info:
_java_thread_list=0x00000265638d8140, length=19, elements={
0x0000026532117000, 0x0000026556e0d000, 0x0000026556e0e000, 0x0000026556e63800,
0x0000026556e68000, 0x0000026556e69000, 0x0000026556e6c000, 0x0000026556e78800,
0x0000026556e79000, 0x000002655703c800, 0x000002655702e800, 0x000002655749a800,
0x0000026557583000, 0x0000026557559800, 0x0000026557848000, 0x000002655782f800,
0x000002655f024000, 0x000002655ea11000, 0x000002655fef3800
}

Java Threads: ( => current thread )
  0x0000026532117000 JavaThread "main" [_thread_blocked, id=8336, stack(0x000000c47c900000,0x000000c47ca00000)]
  0x0000026556e0d000 JavaThread "Reference Handler" daemon [_thread_blocked, id=9660, stack(0x000000c47d600000,0x000000c47d700000)]
=>0x0000026556e0e000 JavaThread "Finalizer" daemon [_thread_in_native, id=15008, stack(0x000000c47d700000,0x000000c47d800000)]
  0x0000026556e63800 JavaThread "Signal Dispatcher" daemon [_thread_blocked, id=12844, stack(0x000000c47d800000,0x000000c47d900000)]
  0x0000026556e68000 JavaThread "Attach Listener" daemon [_thread_blocked, id=15396, stack(0x000000c47d900000,0x000000c47da00000)]
  0x0000026556e69000 JavaThread "C2 CompilerThread0" daemon [_thread_in_native, id=4916, stack(0x000000c47da00000,0x000000c47db00000)]
  0x0000026556e6c000 JavaThread "C2 CompilerThread1" daemon [_thread_blocked, id=5856, stack(0x000000c47db00000,0x000000c47dc00000)]
  0x0000026556e78800 JavaThread "C1 CompilerThread2" daemon [_thread_blocked, id=15980, stack(0x000000c47dc00000,0x000000c47dd00000)]
  0x0000026556e79000 JavaThread "Sweeper thread" daemon [_thread_blocked, id=5712, stack(0x000000c47dd00000,0x000000c47de00000)]
  0x000002655703c800 JavaThread "Service Thread" daemon [_thread_blocked, id=4320, stack(0x000000c47de00000,0x000000c47df00000)]
  0x000002655702e800 JavaThread "Common-Cleaner" daemon [_thread_blocked, id=15740, stack(0x000000c47df00000,0x000000c47e000000)]
  0x000002655749a800 JavaThread "QuantumRenderer-0" daemon [_thread_in_native, id=6188, stack(0x000000c47e100000,0x000000c47e200000)]
  0x0000026557583000 JavaThread "InvokeLaterDispatcher" daemon [_thread_blocked, id=8648, stack(0x000000c47e300000,0x000000c47e400000)]
  0x0000026557559800 JavaThread "JavaFX Application Thread" [_thread_in_native, id=1992, stack(0x000000c47e400000,0x000000c47e500000)]
  0x0000026557848000 JavaThread "Thread-1" daemon [_thread_in_native, id=4144, stack(0x000000c47e500000,0x000000c47e600000)]
  0x000002655782f800 JavaThread "JavaFX-Launcher" [_thread_blocked, id=10980, stack(0x000000c47e600000,0x000000c47e700000)]
  0x000002655f024000 JavaThread "Java2D Disposer" daemon [_thread_blocked, id=13452, stack(0x000000c47e700000,0x000000c47e800000)]
  0x000002655ea11000 JavaThread "Prism Font Disposer" daemon [_thread_blocked, id=8236, stack(0x000000c47eb00000,0x000000c47ec00000)]
  0x000002655fef3800 JavaThread "Cleaner-0" daemon [_thread_blocked, id=10436, stack(0x000000c47ec20000,0x000000c47ed20000)]

Other Threads:
  0x0000026556e39800 VMThread "VM Thread" [stack: 0x000000c47d500000,0x000000c47d600000] [id=15048]
  0x000002655702f800 WatcherThread [stack: 0x000000c47e000000,0x000000c47e100000] [id=11284]
  0x000002653212f000 GCTaskThread "GC Thread#0" [stack: 0x000000c47ca00000,0x000000c47cb00000] [id=11388]
  0x0000026532131800 GCTaskThread "GC Thread#1" [stack: 0x000000c47cb00000,0x000000c47cc00000] [id=14064]
  0x0000026532135000 GCTaskThread "GC Thread#2" [stack: 0x000000c47cc00000,0x000000c47cd00000] [id=15580]
  0x0000026532137800 GCTaskThread "GC Thread#3" [stack: 0x000000c47cd00000,0x000000c47ce00000] [id=2680]
  0x000002653218e000 ConcurrentGCThread "G1 Main Marker" [stack: 0x000000c47ce00000,0x000000c47cf00000] [id=14264]
  0x0000026532196800 ConcurrentGCThread "G1 Conc#0" [stack: 0x000000c47cf00000,0x000000c47d000000] [id=14912]
  0x0000026553f7d000 ConcurrentGCThread "G1 Refine#0" [stack: 0x000000c47d000000,0x000000c47d100000] [id=8520]
  0x0000026553f7f800 ConcurrentGCThread "G1 Refine#1" [stack: 0x000000c47d100000,0x000000c47d200000] [id=14924]
  0x0000026553f82800 ConcurrentGCThread "G1 Refine#2" [stack: 0x000000c47d200000,0x000000c47d300000] [id=15212]
  0x0000026553f84000 ConcurrentGCThread "G1 Refine#3" [stack: 0x000000c47d300000,0x000000c47d400000] [id=12452]
  0x0000026553f85000 ConcurrentGCThread "G1 Young RemSet Sampling" [stack: 0x000000c47d400000,0x000000c47d500000] [id=4952]

Threads with active compile tasks:
C2 CompilerThread02510       4       javafx.scene.CssStyleHelper::getStyle (162 bytes)

VM state:not at safepoint (normal execution)

VM Mutex/Monitor currently owned by a thread: None

Heap address: 0x00000006c1200000, size: 4078 MB, Compressed Oops mode: Zero based, Oop shift amount: 3
Narrow klass base: 0x0000000000000000, Narrow klass shift: 3
Compressed class space size: 1073741824 Address: 0x00000007c0000000

Heap:
 garbage-first heap   total 262144K, used 14334K [0x00000006c1200000, 0x00000007c0000000)
  region size 1024K, 5 young (5120K), 2 survivors (2048K)
 Metaspace       used 21859K, capacity 22529K, committed 22784K, reserved 1069056K
  class space    used 2752K, capacity 3059K, committed 3072K, reserved 1048576K
Heap Regions: E=young(eden), S=young(survivor), O=old, HS=humongous(starts), HC=humongous(continues), CS=collection set, F=free, A=archive, TS=gc time stamp, AC=allocation context, TAMS=top-at-mark-start (previous, next)
|   0|0x00000006c1200000, 0x00000006c1300000, 0x00000006c1300000|100%| O|  |TS  0|AC  0|TAMS 0x00000006c1300000, 0x00000006c1300000|
|   1|0x00000006c1300000, 0x00000006c1400000, 0x00000006c1400000|100%| O|  |TS  0|AC  0|TAMS 0x00000006c1400000, 0x00000006c1400000|
|   2|0x00000006c1400000, 0x00000006c1500000, 0x00000006c1500000|100%| O|  |TS  0|AC  0|TAMS 0x00000006c1500000, 0x00000006c1500000|
|   3|0x00000006c1500000, 0x00000006c1600000, 0x00000006c1600000|100%| O|  |TS  0|AC  0|TAMS 0x00000006c1600000, 0x00000006c1600000|
|   4|0x00000006c1600000, 0x00000006c1700000, 0x00000006c1700000|100%| O|  |TS  1|AC  0|TAMS 0x00000006c161ec00, 0x00000006c161ec00|
|   5|0x00000006c1700000, 0x00000006c1800000, 0x00000006c1800000|100%|HS|  |TS  0|AC  0|TAMS 0x00000006c1800000, 0x00000006c1800000|
|   6|0x00000006c1800000, 0x00000006c1900000, 0x00000006c1900000|100%|HC|  |TS  0|AC  0|TAMS 0x00000006c1900000, 0x00000006c1900000|
|   7|0x00000006c1900000, 0x00000006c1900000, 0x00000006c1a00000|  0%| F|  |TS  1|AC  0|TAMS 0x00000006c1900000, 0x00000006c1900000|
|   8|0x00000006c1a00000, 0x00000006c1a00000, 0x00000006c1b00000|  0%| F|  |TS  1|AC  0|TAMS 0x00000006c1a00000, 0x00000006c1a00000|
|   9|0x00000006c1b00000, 0x00000006c1b00000, 0x00000006c1c00000|  0%| F|  |TS  1|AC  0|TAMS 0x00000006c1b00000, 0x00000006c1b00000|
|  10|0x00000006c1c00000, 0x00000006c1c00000, 0x00000006c1d00000|  0%| F|  |TS  1|AC  0|TAMS 0x00000006c1c00000, 0x00000006c1c00000|
|  11|0x00000006c1d00000, 0x00000006c1d00000, 0x00000006c1e00000|  0%| F|  |TS  1|AC  0|TAMS 0x00000006c1d00000, 0x00000006c1d00000|
|  12|0x00000006c1e00000, 0x00000006c1e00000, 0x00000006c1f00000|  0%| F|  |TS  1|AC  0|TAMS 0x00000006c1e00000, 0x00000006c1e00000|
|  13|0x00000006c1f00000, 0x00000006c1f00000, 0x00000006c2000000|  0%| F|  |TS  1|AC  0|TAMS 0x00000006c1f00000, 0x00000006c1f00000|
|  14|0x00000006c2000000, 0x00000006c2000000, 0x00000006c2100000|  0%| F|  |TS  1|AC  0|TAMS 0x00000006c2000000, 0x00000006c2000000|
|  15|0x00000006c2100000, 0x00000006c2100000, 0x00000006c2200000|  0%| F|  |TS  1|AC  0|TAMS 0x00000006c2100000, 0x00000006c2100000|
|  16|0x00000006c2200000, 0x00000006c2200000, 0x00000006c2300000|  0%| F|  |TS  1|AC  0|TAMS 0x00000006c2200000, 0x00000006c2200000|
|  17|0x00000006c2300000, 0x00000006c2300000, 0x00000006c2400000|  0%| F|  |TS  1|AC  0|TAMS 0x00000006c2300000, 0x00000006c2300000|
|  18|0x00000006c2400000, 0x00000006c2400000, 0x00000006c2500000|  0%| F|  |TS  1|AC  0|TAMS 0x00000006c2400000, 0x00000006c2400000|
|  19|0x00000006c2500000, 0x00000006c2500000, 0x00000006c2600000|  0%| F|  |TS  1|AC  0|TAMS 0x00000006c2500000, 0x00000006c2500000|
|  20|0x00000006c2600000, 0x00000006c2600000, 0x00000006c2700000|  0%| F|  |TS  1|AC  0|TAMS 0x00000006c2600000, 0x00000006c2600000|
|  21|0x00000006c2700000, 0x00000006c2700000, 0x00000006c2800000|  0%| F|  |TS  1|AC  0|TAMS 0x00000006c2700000, 0x00000006c2700000|
|  22|0x00000006c2800000, 0x00000006c2800000, 0x00000006c2900000|  0%| F|  |TS  1|AC  0|TAMS 0x00000006c2800000, 0x00000006c2800000|
|  23|0x00000006c2900000, 0x00000006c2900000, 0x00000006c2a00000|  0%| F|  |TS  1|AC  0|TAMS 0x00000006c2900000, 0x00000006c2900000|
|  24|0x00000006c2a00000, 0x00000006c2a00000, 0x00000006c2b00000|  0%| F|  |TS  1|AC  0|TAMS 0x00000006c2a00000, 0x00000006c2a00000|
|  25|0x00000006c2b00000, 0x00000006c2b00000, 0x00000006c2c00000|  0%| F|  |TS  1|AC  0|TAMS 0x00000006c2b00000, 0x00000006c2b00000|
|  26|0x00000006c2c00000, 0x00000006c2c00000, 0x00000006c2d00000|  0%| F|  |TS  1|AC  0|TAMS 0x00000006c2c00000, 0x00000006c2c00000|
|  27|0x00000006c2d00000, 0x00000006c2d00000, 0x00000006c2e00000|  0%| F|  |TS  1|AC  0|TAMS 0x00000006c2d00000, 0x00000006c2d00000|
|  28|0x00000006c2e00000, 0x00000006c2e00000, 0x00000006c2f00000|  0%| F|  |TS  1|AC  0|TAMS 0x00000006c2e00000, 0x00000006c2e00000|
|  29|0x00000006c2f00000, 0x00000006c2f00000, 0x00000006c3000000|  0%| F|  |TS  1|AC  0|TAMS 0x00000006c2f00000, 0x00000006c2f00000|
|  30|0x00000006c3000000, 0x00000006c3000000, 0x00000006c3100000|  0%| F|  |TS  1|AC  0|TAMS 0x00000006c3000000, 0x00000006c3000000|
|  31|0x00000006c3100000, 0x00000006c3100000, 0x00000006c3200000|  0%| F|  |TS  1|AC  0|TAMS 0x00000006c3100000, 0x00000006c3100000|
|  32|0x00000006c3200000, 0x00000006c3200000, 0x00000006c3300000|  0%| F|  |TS  1|AC  0|TAMS 0x00000006c3200000, 0x00000006c3200000|
|  33|0x00000006c3300000, 0x00000006c3300000, 0x00000006c3400000|  0%| F|  |TS  1|AC  0|TAMS 0x00000006c3300000, 0x00000006c3300000|
|  34|0x00000006c3400000, 0x00000006c3400000, 0x00000006c3500000|  0%| F|  |TS  1|AC  0|TAMS 0x00000006c3400000, 0x00000006c3400000|
|  35|0x00000006c3500000, 0x00000006c3500000, 0x00000006c3600000|  0%| F|  |TS  1|AC  0|TAMS 0x00000006c3500000, 0x00000006c3500000|
|  36|0x00000006c3600000, 0x00000006c3600000, 0x00000006c3700000|  0%| F|  |TS  1|AC  0|TAMS 0x00000006c3600000, 0x00000006c3600000|
|  37|0x00000006c3700000, 0x00000006c3700000, 0x00000006c3800000|  0%| F|  |TS  1|AC  0|TAMS 0x00000006c3700000, 0x00000006c3700000|
|  38|0x00000006c3800000, 0x00000006c3800000, 0x00000006c3900000|  0%| F|  |TS  1|AC  0|TAMS 0x00000006c3800000, 0x00000006c3800000|
|  39|0x00000006c3900000, 0x00000006c3900000, 0x00000006c3a00000|  0%| F|  |TS  1|AC  0|TAMS 0x00000006c3900000, 0x00000006c3900000|
|  40|0x00000006c3a00000, 0x00000006c3a00000, 0x00000006c3b00000|  0%| F|  |TS  1|AC  0|TAMS 0x00000006c3a00000, 0x00000006c3a00000|
|  41|0x00000006c3b00000, 0x00000006c3b00000, 0x00000006c3c00000|  0%| F|  |TS  1|AC  0|TAMS 0x00000006c3b00000, 0x00000006c3b00000|
|  42|0x00000006c3c00000, 0x00000006c3c00000, 0x00000006c3d00000|  0%| F|  |TS  1|AC  0|TAMS 0x00000006c3c00000, 0x00000006c3c00000|
|  43|0x00000006c3d00000, 0x00000006c3d00000, 0x00000006c3e00000|  0%| F|  |TS  1|AC  0|TAMS 0x00000006c3d00000, 0x00000006c3d00000|
|  44|0x00000006c3e00000, 0x00000006c3e00000, 0x00000006c3f00000|  0%| F|  |TS  1|AC  0|TAMS 0x00000006c3e00000, 0x00000006c3e00000|
|  45|0x00000006c3f00000, 0x00000006c3f00000, 0x00000006c4000000|  0%| F|  |TS  1|AC  0|TAMS 0x00000006c3f00000, 0x00000006c3f00000|
|  46|0x00000006c4000000, 0x00000006c4000000, 0x00000006c4100000|  0%| F|  |TS  1|AC  0|TAMS 0x00000006c4000000, 0x00000006c4000000|
|  47|0x00000006c4100000, 0x00000006c4200000, 0x00000006c4200000|100%|HS|  |TS  0|AC  0|TAMS 0x00000006c4100000, 0x00000006c4100000|
|  48|0x00000006c4200000, 0x00000006c4300000, 0x00000006c4300000|100%|HC|  |TS  0|AC  0|TAMS 0x00000006c4200000, 0x00000006c4200000|
|  49|0x00000006c4300000, 0x00000006c4400000, 0x00000006c4400000|100%| O|  |TS  1|AC  0|TAMS 0x00000006c4300000, 0x00000006c4300000|
|  50|0x00000006c4400000, 0x00000006c4412600, 0x00000006c4500000|  7%| O|  |TS  1|AC  0|TAMS 0x00000006c4400000, 0x00000006c4400000|
|  51|0x00000006c4500000, 0x00000006c4500000, 0x00000006c4600000|  0%| F|  |TS  0|AC  0|TAMS 0x00000006c4500000, 0x00000006c4500000|
|  52|0x00000006c4600000, 0x00000006c4600000, 0x00000006c4700000|  0%| F|  |TS  0|AC  0|TAMS 0x00000006c4600000, 0x00000006c4600000|
|  53|0x00000006c4700000, 0x00000006c4700000, 0x00000006c4800000|  0%| F|  |TS  0|AC  0|TAMS 0x00000006c4700000, 0x00000006c4700000|
|  54|0x00000006c4800000, 0x00000006c4800000, 0x00000006c4900000|  0%| F|  |TS  0|AC  0|TAMS 0x00000006c4800000, 0x00000006c4800000|
|  55|0x00000006c4900000, 0x00000006c4900000, 0x00000006c4a00000|  0%| F|  |TS  0|AC  0|TAMS 0x00000006c4900000, 0x00000006c4900000|
|  56|0x00000006c4a00000, 0x00000006c4a00000, 0x00000006c4b00000|  0%| F|  |TS  0|AC  0|TAMS 0x00000006c4a00000, 0x00000006c4a00000|
|  57|0x00000006c4b00000, 0x00000006c4b00000, 0x00000006c4c00000|  0%| F|  |TS  0|AC  0|TAMS 0x00000006c4b00000, 0x00000006c4b00000|
|  58|0x00000006c4c00000, 0x00000006c4c00000, 0x00000006c4d00000|  0%| F|  |TS  0|AC  0|TAMS 0x00000006c4c00000, 0x00000006c4c00000|
|  59|0x00000006c4d00000, 0x00000006c4d00000, 0x00000006c4e00000|  0%| F|  |TS  0|AC  0|TAMS 0x00000006c4d00000, 0x00000006c4d00000|
|  60|0x00000006c4e00000, 0x00000006c4e00000, 0x00000006c4f00000|  0%| F|  |TS  0|AC  0|TAMS 0x00000006c4e00000, 0x00000006c4e00000|
|  61|0x00000006c4f00000, 0x00000006c4f00000, 0x00000006c5000000|  0%| F|  |TS  0|AC  0|TAMS 0x00000006c4f00000, 0x00000006c4f00000|
|  62|0x00000006c5000000, 0x00000006c5000000, 0x00000006c5100000|  0%| F|  |TS  0|AC  0|TAMS 0x00000006c5000000, 0x00000006c5000000|
|  63|0x00000006c5100000, 0x00000006c5100000, 0x00000006c5200000|  0%| F|  |TS  0|AC  0|TAMS 0x00000006c5100000, 0x00000006c5100000|
|  64|0x00000006c5200000, 0x00000006c5200000, 0x00000006c5300000|  0%| F|  |TS  0|AC  0|TAMS 0x00000006c5200000, 0x00000006c5200000|
|  65|0x00000006c5300000, 0x00000006c5300000, 0x00000006c5400000|  0%| F|  |TS  0|AC  0|TAMS 0x00000006c5300000, 0x00000006c5300000|
|  66|0x00000006c5400000, 0x00000006c5400000, 0x00000006c5500000|  0%| F|  |TS  0|AC  0|TAMS 0x00000006c5400000, 0x00000006c5400000|
|  67|0x00000006c5500000, 0x00000006c5500000, 0x00000006c5600000|  0%| F|  |TS  0|AC  0|TAMS 0x00000006c5500000, 0x00000006c5500000|
|  68|0x00000006c5600000, 0x00000006c5600000, 0x00000006c5700000|  0%| F|  |TS  0|AC  0|TAMS 0x00000006c5600000, 0x00000006c5600000|
|  69|0x00000006c5700000, 0x00000006c5700000, 0x00000006c5800000|  0%| F|  |TS  0|AC  0|TAMS 0x00000006c5700000, 0x00000006c5700000|
|  70|0x00000006c5800000, 0x00000006c5800000, 0x00000006c5900000|  0%| F|  |TS  0|AC  0|TAMS 0x00000006c5800000, 0x00000006c5800000|
|  71|0x00000006c5900000, 0x00000006c5900000, 0x00000006c5a00000|  0%| F|  |TS  0|AC  0|TAMS 0x00000006c5900000, 0x00000006c5900000|
|  72|0x00000006c5a00000, 0x00000006c5a00000, 0x00000006c5b00000|  0%| F|  |TS  0|AC  0|TAMS 0x00000006c5a00000, 0x00000006c5a00000|
|  73|0x00000006c5b00000, 0x00000006c5b00000, 0x00000006c5c00000|  0%| F|  |TS  0|AC  0|TAMS 0x00000006c5b00000, 0x00000006c5b00000|
|  74|0x00000006c5c00000, 0x00000006c5c00000, 0x00000006c5d00000|  0%| F|  |TS  0|AC  0|TAMS 0x00000006c5c00000, 0x00000006c5c00000|
|  75|0x00000006c5d00000, 0x00000006c5d00000, 0x00000006c5e00000|  0%| F|  |TS  0|AC  0|TAMS 0x00000006c5d00000, 0x00000006c5d00000|
|  76|0x00000006c5e00000, 0x00000006c5e00000, 0x00000006c5f00000|  0%| F|  |TS  0|AC  0|TAMS 0x00000006c5e00000, 0x00000006c5e00000|
|  77|0x00000006c5f00000, 0x00000006c5f00000, 0x00000006c6000000|  0%| F|  |TS  0|AC  0|TAMS 0x00000006c5f00000, 0x00000006c5f00000|
|  78|0x00000006c6000000, 0x00000006c6000000, 0x00000006c6100000|  0%| F|  |TS  0|AC  0|TAMS 0x00000006c6000000, 0x00000006c6000000|
|  79|0x00000006c6100000, 0x00000006c6100000, 0x00000006c6200000|  0%| F|  |TS  0|AC  0|TAMS 0x00000006c6100000, 0x00000006c6100000|
|  80|0x00000006c6200000, 0x00000006c6200000, 0x00000006c6300000|  0%| F|  |TS  0|AC  0|TAMS 0x00000006c6200000, 0x00000006c6200000|
|  81|0x00000006c6300000, 0x00000006c6300000, 0x00000006c6400000|  0%| F|  |TS  0|AC  0|TAMS 0x00000006c6300000, 0x00000006c6300000|
|  82|0x00000006c6400000, 0x00000006c6400000, 0x00000006c6500000|  0%| F|  |TS  0|AC  0|TAMS 0x00000006c6400000, 0x00000006c6400000|
|  83|0x00000006c6500000, 0x00000006c6500000, 0x00000006c6600000|  0%| F|  |TS  0|AC  0|TAMS 0x00000006c6500000, 0x00000006c6500000|
|  84|0x00000006c6600000, 0x00000006c6600000, 0x00000006c6700000|  0%| F|  |TS  0|AC  0|TAMS 0x00000006c6600000, 0x00000006c6600000|
|  85|0x00000006c6700000, 0x00000006c6700000, 0x00000006c6800000|  0%| F|  |TS  0|AC  0|TAMS 0x00000006c6700000, 0x00000006c6700000|
|  86|0x00000006c6800000, 0x00000006c6800000, 0x00000006c6900000|  0%| F|  |TS  0|AC  0|TAMS 0x00000006c6800000, 0x00000006c6800000|
|  87|0x00000006c6900000, 0x00000006c6900000, 0x00000006c6a00000|  0%| F|  |TS  0|AC  0|TAMS 0x00000006c6900000, 0x00000006c6900000|
|  88|0x00000006c6a00000, 0x00000006c6a00000, 0x00000006c6b00000|  0%| F|  |TS  0|AC  0|TAMS 0x00000006c6a00000, 0x00000006c6a00000|
|  89|0x00000006c6b00000, 0x00000006c6b00000, 0x00000006c6c00000|  0%| F|  |TS  0|AC  0|TAMS 0x00000006c6b00000, 0x00000006c6b00000|
|  90|0x00000006c6c00000, 0x00000006c6c00000, 0x00000006c6d00000|  0%| F|  |TS  0|AC  0|TAMS 0x00000006c6c00000, 0x00000006c6c00000|
|  91|0x00000006c6d00000, 0x00000006c6d00000, 0x00000006c6e00000|  0%| F|  |TS  0|AC  0|TAMS 0x00000006c6d00000, 0x00000006c6d00000|
|  92|0x00000006c6e00000, 0x00000006c6e00000, 0x00000006c6f00000|  0%| F|  |TS  0|AC  0|TAMS 0x00000006c6e00000, 0x00000006c6e00000|
|  93|0x00000006c6f00000, 0x00000006c6f00000, 0x00000006c7000000|  0%| F|  |TS  0|AC  0|TAMS 0x00000006c6f00000, 0x00000006c6f00000|
|  94|0x00000006c7000000, 0x00000006c7000000, 0x00000006c7100000|  0%| F|  |TS  0|AC  0|TAMS 0x00000006c7000000, 0x00000006c7000000|
|  95|0x00000006c7100000, 0x00000006c7100000, 0x00000006c7200000|  0%| F|  |TS  0|AC  0|TAMS 0x00000006c7100000, 0x00000006c7100000|
|  96|0x00000006c7200000, 0x00000006c7200000, 0x00000006c7300000|  0%| F|  |TS  0|AC  0|TAMS 0x00000006c7200000, 0x00000006c7200000|
|  97|0x00000006c7300000, 0x00000006c7300000, 0x00000006c7400000|  0%| F|  |TS  0|AC  0|TAMS 0x00000006c7300000, 0x00000006c7300000|
|  98|0x00000006c7400000, 0x00000006c7400000, 0x00000006c7500000|  0%| F|  |TS  0|AC  0|TAMS 0x00000006c7400000, 0x00000006c7400000|
|  99|0x00000006c7500000, 0x00000006c7500000, 0x00000006c7600000|  0%| F|  |TS  0|AC  0|TAMS 0x00000006c7500000, 0x00000006c7500000|
| 100|0x00000006c7600000, 0x00000006c7600000, 0x00000006c7700000|  0%| F|  |TS  0|AC  0|TAMS 0x00000006c7600000, 0x00000006c7600000|
| 101|0x00000006c7700000, 0x00000006c7700000, 0x00000006c7800000|  0%| F|  |TS  0|AC  0|TAMS 0x00000006c7700000, 0x00000006c7700000|
| 102|0x00000006c7800000, 0x00000006c7800000, 0x00000006c7900000|  0%| F|  |TS  0|AC  0|TAMS 0x00000006c7800000, 0x00000006c7800000|
| 103|0x00000006c7900000, 0x00000006c7900000, 0x00000006c7a00000|  0%| F|  |TS  0|AC  0|TAMS 0x00000006c7900000, 0x00000006c7900000|
| 104|0x00000006c7a00000, 0x00000006c7a00000, 0x00000006c7b00000|  0%| F|  |TS  0|AC  0|TAMS 0x00000006c7a00000, 0x00000006c7a00000|
| 105|0x00000006c7b00000, 0x00000006c7b00000, 0x00000006c7c00000|  0%| F|  |TS  0|AC  0|TAMS 0x00000006c7b00000, 0x00000006c7b00000|
| 106|0x00000006c7c00000, 0x00000006c7c00000, 0x00000006c7d00000|  0%| F|  |TS  0|AC  0|TAMS 0x00000006c7c00000, 0x00000006c7c00000|
| 107|0x00000006c7d00000, 0x00000006c7d00000, 0x00000006c7e00000|  0%| F|  |TS  0|AC  0|TAMS 0x00000006c7d00000, 0x00000006c7d00000|
| 108|0x00000006c7e00000, 0x00000006c7e00000, 0x00000006c7f00000|  0%| F|  |TS  0|AC  0|TAMS 0x00000006c7e00000, 0x00000006c7e00000|
| 109|0x00000006c7f00000, 0x00000006c7f00000, 0x00000006c8000000|  0%| F|  |TS  0|AC  0|TAMS 0x00000006c7f00000, 0x00000006c7f00000|
| 110|0x00000006c8000000, 0x00000006c8000000, 0x00000006c8100000|  0%| F|  |TS  0|AC  0|TAMS 0x00000006c8000000, 0x00000006c8000000|
| 111|0x00000006c8100000, 0x00000006c8100000, 0x00000006c8200000|  0%| F|  |TS  0|AC  0|TAMS 0x00000006c8100000, 0x00000006c8100000|
| 112|0x00000006c8200000, 0x00000006c8200000, 0x00000006c8300000|  0%| F|  |TS  0|AC  0|TAMS 0x00000006c8200000, 0x00000006c8200000|
| 113|0x00000006c8300000, 0x00000006c8300000, 0x00000006c8400000|  0%| F|  |TS  0|AC  0|TAMS 0x00000006c8300000, 0x00000006c8300000|
| 114|0x00000006c8400000, 0x00000006c8400000, 0x00000006c8500000|  0%| F|  |TS  0|AC  0|TAMS 0x00000006c8400000, 0x00000006c8400000|
| 115|0x00000006c8500000, 0x00000006c8500000, 0x00000006c8600000|  0%| F|  |TS  0|AC  0|TAMS 0x00000006c8500000, 0x00000006c8500000|
| 116|0x00000006c8600000, 0x00000006c8600000, 0x00000006c8700000|  0%| F|  |TS  0|AC  0|TAMS 0x00000006c8600000, 0x00000006c8600000|
| 117|0x00000006c8700000, 0x00000006c8700000, 0x00000006c8800000|  0%| F|  |TS  0|AC  0|TAMS 0x00000006c8700000, 0x00000006c8700000|
| 118|0x00000006c8800000, 0x00000006c8800000, 0x00000006c8900000|  0%| F|  |TS  0|AC  0|TAMS 0x00000006c8800000, 0x00000006c8800000|
| 119|0x00000006c8900000, 0x00000006c8900000, 0x00000006c8a00000|  0%| F|  |TS  0|AC  0|TAMS 0x00000006c8900000, 0x00000006c8900000|
| 120|0x00000006c8a00000, 0x00000006c8a00000, 0x00000006c8b00000|  0%| F|  |TS  0|AC  0|TAMS 0x00000006c8a00000, 0x00000006c8a00000|
| 121|0x00000006c8b00000, 0x00000006c8b00000, 0x00000006c8c00000|  0%| F|  |TS  0|AC  0|TAMS 0x00000006c8b00000, 0x00000006c8b00000|
| 122|0x00000006c8c00000, 0x00000006c8c00000, 0x00000006c8d00000|  0%| F|  |TS  0|AC  0|TAMS 0x00000006c8c00000, 0x00000006c8c00000|
| 123|0x00000006c8d00000, 0x00000006c8d00000, 0x00000006c8e00000|  0%| F|  |TS  0|AC  0|TAMS 0x00000006c8d00000, 0x00000006c8d00000|
| 124|0x00000006c8e00000, 0x00000006c8e00000, 0x00000006c8f00000|  0%| F|  |TS  0|AC  0|TAMS 0x00000006c8e00000, 0x00000006c8e00000|
| 125|0x00000006c8f00000, 0x00000006c8f00000, 0x00000006c9000000|  0%| F|  |TS  0|AC  0|TAMS 0x00000006c8f00000, 0x00000006c8f00000|
| 126|0x00000006c9000000, 0x00000006c9000000, 0x00000006c9100000|  0%| F|  |TS  0|AC  0|TAMS 0x00000006c9000000, 0x00000006c9000000|
| 127|0x00000006c9100000, 0x00000006c9100000, 0x00000006c9200000|  0%| F|  |TS  0|AC  0|TAMS 0x00000006c9100000, 0x00000006c9100000|
| 128|0x00000006c9200000, 0x00000006c9200000, 0x00000006c9300000|  0%| F|  |TS  0|AC  0|TAMS 0x00000006c9200000, 0x00000006c9200000|
| 129|0x00000006c9300000, 0x00000006c9300000, 0x00000006c9400000|  0%| F|  |TS  0|AC  0|TAMS 0x00000006c9300000, 0x00000006c9300000|
| 130|0x00000006c9400000, 0x00000006c9400000, 0x00000006c9500000|  0%| F|  |TS  0|AC  0|TAMS 0x00000006c9400000, 0x00000006c9400000|
| 131|0x00000006c9500000, 0x00000006c9500000, 0x00000006c9600000|  0%| F|  |TS  0|AC  0|TAMS 0x00000006c9500000, 0x00000006c9500000|
| 132|0x00000006c9600000, 0x00000006c9600000, 0x00000006c9700000|  0%| F|  |TS  0|AC  0|TAMS 0x00000006c9600000, 0x00000006c9600000|
| 133|0x00000006c9700000, 0x00000006c9700000, 0x00000006c9800000|  0%| F|  |TS  0|AC  0|TAMS 0x00000006c9700000, 0x00000006c9700000|
| 134|0x00000006c9800000, 0x00000006c9800000, 0x00000006c9900000|  0%| F|  |TS  0|AC  0|TAMS 0x00000006c9800000, 0x00000006c9800000|
| 135|0x00000006c9900000, 0x00000006c9900000, 0x00000006c9a00000|  0%| F|  |TS  0|AC  0|TAMS 0x00000006c9900000, 0x00000006c9900000|
| 136|0x00000006c9a00000, 0x00000006c9a00000, 0x00000006c9b00000|  0%| F|  |TS  0|AC  0|TAMS 0x00000006c9a00000, 0x00000006c9a00000|
| 137|0x00000006c9b00000, 0x00000006c9b00000, 0x00000006c9c00000|  0%| F|  |TS  0|AC  0|TAMS 0x00000006c9b00000, 0x00000006c9b00000|
| 138|0x00000006c9c00000, 0x00000006c9c00000, 0x00000006c9d00000|  0%| F|  |TS  0|AC  0|TAMS 0x00000006c9c00000, 0x00000006c9c00000|
| 139|0x00000006c9d00000, 0x00000006c9d00000, 0x00000006c9e00000|  0%| F|  |TS  0|AC  0|TAMS 0x00000006c9d00000, 0x00000006c9d00000|
| 140|0x00000006c9e00000, 0x00000006c9e00000, 0x00000006c9f00000|  0%| F|  |TS  0|AC  0|TAMS 0x00000006c9e00000, 0x00000006c9e00000|
| 141|0x00000006c9f00000, 0x00000006c9f00000, 0x00000006ca000000|  0%| F|  |TS  0|AC  0|TAMS 0x00000006c9f00000, 0x00000006c9f00000|
| 142|0x00000006ca000000, 0x00000006ca000000, 0x00000006ca100000|  0%| F|  |TS  0|AC  0|TAMS 0x00000006ca000000, 0x00000006ca000000|
| 143|0x00000006ca100000, 0x00000006ca100000, 0x00000006ca200000|  0%| F|  |TS  0|AC  0|TAMS 0x00000006ca100000, 0x00000006ca100000|
| 144|0x00000006ca200000, 0x00000006ca200000, 0x00000006ca300000|  0%| F|  |TS  0|AC  0|TAMS 0x00000006ca200000, 0x00000006ca200000|
| 145|0x00000006ca300000, 0x00000006ca300000, 0x00000006ca400000|  0%| F|  |TS  0|AC  0|TAMS 0x00000006ca300000, 0x00000006ca300000|
| 146|0x00000006ca400000, 0x00000006ca400000, 0x00000006ca500000|  0%| F|  |TS  0|AC  0|TAMS 0x00000006ca400000, 0x00000006ca400000|
| 147|0x00000006ca500000, 0x00000006ca500000, 0x00000006ca600000|  0%| F|  |TS  0|AC  0|TAMS 0x00000006ca500000, 0x00000006ca500000|
| 148|0x00000006ca600000, 0x00000006ca600000, 0x00000006ca700000|  0%| F|  |TS  0|AC  0|TAMS 0x00000006ca600000, 0x00000006ca600000|
| 149|0x00000006ca700000, 0x00000006ca700000, 0x00000006ca800000|  0%| F|  |TS  0|AC  0|TAMS 0x00000006ca700000, 0x00000006ca700000|
| 150|0x00000006ca800000, 0x00000006ca800000, 0x00000006ca900000|  0%| F|  |TS  0|AC  0|TAMS 0x00000006ca800000, 0x00000006ca800000|
| 151|0x00000006ca900000, 0x00000006ca900000, 0x00000006caa00000|  0%| F|  |TS  0|AC  0|TAMS 0x00000006ca900000, 0x00000006ca900000|
| 152|0x00000006caa00000, 0x00000006caa00000, 0x00000006cab00000|  0%| F|  |TS  0|AC  0|TAMS 0x00000006caa00000, 0x00000006caa00000|
| 153|0x00000006cab00000, 0x00000006cab00000, 0x00000006cac00000|  0%| F|  |TS  0|AC  0|TAMS 0x00000006cab00000, 0x00000006cab00000|
| 154|0x00000006cac00000, 0x00000006cac00000, 0x00000006cad00000|  0%| F|  |TS  0|AC  0|TAMS 0x00000006cac00000, 0x00000006cac00000|
| 155|0x00000006cad00000, 0x00000006cad00000, 0x00000006cae00000|  0%| F|  |TS  0|AC  0|TAMS 0x00000006cad00000, 0x00000006cad00000|
| 156|0x00000006cae00000, 0x00000006cae00000, 0x00000006caf00000|  0%| F|  |TS  0|AC  0|TAMS 0x00000006cae00000, 0x00000006cae00000|
| 157|0x00000006caf00000, 0x00000006caf00000, 0x00000006cb000000|  0%| F|  |TS  0|AC  0|TAMS 0x00000006caf00000, 0x00000006caf00000|
| 158|0x00000006cb000000, 0x00000006cb000000, 0x00000006cb100000|  0%| F|  |TS  0|AC  0|TAMS 0x00000006cb000000, 0x00000006cb000000|
| 159|0x00000006cb100000, 0x00000006cb100000, 0x00000006cb200000|  0%| F|  |TS  0|AC  0|TAMS 0x00000006cb100000, 0x00000006cb100000|
| 160|0x00000006cb200000, 0x00000006cb200000, 0x00000006cb300000|  0%| F|  |TS  0|AC  0|TAMS 0x00000006cb200000, 0x00000006cb200000|
| 161|0x00000006cb300000, 0x00000006cb300000, 0x00000006cb400000|  0%| F|  |TS  0|AC  0|TAMS 0x00000006cb300000, 0x00000006cb300000|
| 162|0x00000006cb400000, 0x00000006cb400000, 0x00000006cb500000|  0%| F|  |TS  0|AC  0|TAMS 0x00000006cb400000, 0x00000006cb400000|
| 163|0x00000006cb500000, 0x00000006cb500000, 0x00000006cb600000|  0%| F|  |TS  0|AC  0|TAMS 0x00000006cb500000, 0x00000006cb500000|
| 164|0x00000006cb600000, 0x00000006cb600000, 0x00000006cb700000|  0%| F|  |TS  0|AC  0|TAMS 0x00000006cb600000, 0x00000006cb600000|
| 165|0x00000006cb700000, 0x00000006cb700000, 0x00000006cb800000|  0%| F|  |TS  0|AC  0|TAMS 0x00000006cb700000, 0x00000006cb700000|
| 166|0x00000006cb800000, 0x00000006cb800000, 0x00000006cb900000|  0%| F|  |TS  0|AC  0|TAMS 0x00000006cb800000, 0x00000006cb800000|
| 167|0x00000006cb900000, 0x00000006cb900000, 0x00000006cba00000|  0%| F|  |TS  0|AC  0|TAMS 0x00000006cb900000, 0x00000006cb900000|
| 168|0x00000006cba00000, 0x00000006cba00000, 0x00000006cbb00000|  0%| F|  |TS  0|AC  0|TAMS 0x00000006cba00000, 0x00000006cba00000|
| 169|0x00000006cbb00000, 0x00000006cbb00000, 0x00000006cbc00000|  0%| F|  |TS  0|AC  0|TAMS 0x00000006cbb00000, 0x00000006cbb00000|
| 170|0x00000006cbc00000, 0x00000006cbc00000, 0x00000006cbd00000|  0%| F|  |TS  0|AC  0|TAMS 0x00000006cbc00000, 0x00000006cbc00000|
| 171|0x00000006cbd00000, 0x00000006cbd00000, 0x00000006cbe00000|  0%| F|  |TS  0|AC  0|TAMS 0x00000006cbd00000, 0x00000006cbd00000|
| 172|0x00000006cbe00000, 0x00000006cbe00000, 0x00000006cbf00000|  0%| F|  |TS  0|AC  0|TAMS 0x00000006cbe00000, 0x00000006cbe00000|
| 173|0x00000006cbf00000, 0x00000006cbf00000, 0x00000006cc000000|  0%| F|  |TS  0|AC  0|TAMS 0x00000006cbf00000, 0x00000006cbf00000|
| 174|0x00000006cc000000, 0x00000006cc000000, 0x00000006cc100000|  0%| F|  |TS  0|AC  0|TAMS 0x00000006cc000000, 0x00000006cc000000|
| 175|0x00000006cc100000, 0x00000006cc100000, 0x00000006cc200000|  0%| F|  |TS  0|AC  0|TAMS 0x00000006cc100000, 0x00000006cc100000|
| 176|0x00000006cc200000, 0x00000006cc200000, 0x00000006cc300000|  0%| F|  |TS  0|AC  0|TAMS 0x00000006cc200000, 0x00000006cc200000|
| 177|0x00000006cc300000, 0x00000006cc300000, 0x00000006cc400000|  0%| F|  |TS  0|AC  0|TAMS 0x00000006cc300000, 0x00000006cc300000|
| 178|0x00000006cc400000, 0x00000006cc400000, 0x00000006cc500000|  0%| F|  |TS  0|AC  0|TAMS 0x00000006cc400000, 0x00000006cc400000|
| 179|0x00000006cc500000, 0x00000006cc500000, 0x00000006cc600000|  0%| F|  |TS  0|AC  0|TAMS 0x00000006cc500000, 0x00000006cc500000|
| 180|0x00000006cc600000, 0x00000006cc600000, 0x00000006cc700000|  0%| F|  |TS  0|AC  0|TAMS 0x00000006cc600000, 0x00000006cc600000|
| 181|0x00000006cc700000, 0x00000006cc700000, 0x00000006cc800000|  0%| F|  |TS  0|AC  0|TAMS 0x00000006cc700000, 0x00000006cc700000|
| 182|0x00000006cc800000, 0x00000006cc800000, 0x00000006cc900000|  0%| F|  |TS  0|AC  0|TAMS 0x00000006cc800000, 0x00000006cc800000|
| 183|0x00000006cc900000, 0x00000006cc900000, 0x00000006cca00000|  0%| F|  |TS  0|AC  0|TAMS 0x00000006cc900000, 0x00000006cc900000|
| 184|0x00000006cca00000, 0x00000006cca00000, 0x00000006ccb00000|  0%| F|  |TS  0|AC  0|TAMS 0x00000006cca00000, 0x00000006cca00000|
| 185|0x00000006ccb00000, 0x00000006ccb00000, 0x00000006ccc00000|  0%| F|  |TS  0|AC  0|TAMS 0x00000006ccb00000, 0x00000006ccb00000|
| 186|0x00000006ccc00000, 0x00000006ccc00000, 0x00000006ccd00000|  0%| F|  |TS  0|AC  0|TAMS 0x00000006ccc00000, 0x00000006ccc00000|
| 187|0x00000006ccd00000, 0x00000006ccd00000, 0x00000006cce00000|  0%| F|  |TS  0|AC  0|TAMS 0x00000006ccd00000, 0x00000006ccd00000|
| 188|0x00000006cce00000, 0x00000006cce00000, 0x00000006ccf00000|  0%| F|  |TS  0|AC  0|TAMS 0x00000006cce00000, 0x00000006cce00000|
| 189|0x00000006ccf00000, 0x00000006ccf00000, 0x00000006cd000000|  0%| F|  |TS  0|AC  0|TAMS 0x00000006ccf00000, 0x00000006ccf00000|
| 190|0x00000006cd000000, 0x00000006cd000000, 0x00000006cd100000|  0%| F|  |TS  0|AC  0|TAMS 0x00000006cd000000, 0x00000006cd000000|
| 191|0x00000006cd100000, 0x00000006cd100000, 0x00000006cd200000|  0%| F|  |TS  0|AC  0|TAMS 0x00000006cd100000, 0x00000006cd100000|
| 192|0x00000006cd200000, 0x00000006cd200000, 0x00000006cd300000|  0%| F|  |TS  0|AC  0|TAMS 0x00000006cd200000, 0x00000006cd200000|
| 193|0x00000006cd300000, 0x00000006cd300000, 0x00000006cd400000|  0%| F|  |TS  0|AC  0|TAMS 0x00000006cd300000, 0x00000006cd300000|
| 194|0x00000006cd400000, 0x00000006cd400000, 0x00000006cd500000|  0%| F|  |TS  0|AC  0|TAMS 0x00000006cd400000, 0x00000006cd400000|
| 195|0x00000006cd500000, 0x00000006cd500000, 0x00000006cd600000|  0%| F|  |TS  0|AC  0|TAMS 0x00000006cd500000, 0x00000006cd500000|
| 196|0x00000006cd600000, 0x00000006cd600000, 0x00000006cd700000|  0%| F|  |TS  0|AC  0|TAMS 0x00000006cd600000, 0x00000006cd600000|
| 197|0x00000006cd700000, 0x00000006cd700000, 0x00000006cd800000|  0%| F|  |TS  0|AC  0|TAMS 0x00000006cd700000, 0x00000006cd700000|
| 198|0x00000006cd800000, 0x00000006cd800000, 0x00000006cd900000|  0%| F|  |TS  0|AC  0|TAMS 0x00000006cd800000, 0x00000006cd800000|
| 199|0x00000006cd900000, 0x00000006cd900000, 0x00000006cda00000|  0%| F|  |TS  0|AC  0|TAMS 0x00000006cd900000, 0x00000006cd900000|
| 200|0x00000006cda00000, 0x00000006cda00000, 0x00000006cdb00000|  0%| F|  |TS  0|AC  0|TAMS 0x00000006cda00000, 0x00000006cda00000|
| 201|0x00000006cdb00000, 0x00000006cdb00000, 0x00000006cdc00000|  0%| F|  |TS  0|AC  0|TAMS 0x00000006cdb00000, 0x00000006cdb00000|
| 202|0x00000006cdc00000, 0x00000006cdc00000, 0x00000006cdd00000|  0%| F|  |TS  0|AC  0|TAMS 0x00000006cdc00000, 0x00000006cdc00000|
| 203|0x00000006cdd00000, 0x00000006cdd00000, 0x00000006cde00000|  0%| F|  |TS  0|AC  0|TAMS 0x00000006cdd00000, 0x00000006cdd00000|
| 204|0x00000006cde00000, 0x00000006cde00000, 0x00000006cdf00000|  0%| F|  |TS  0|AC  0|TAMS 0x00000006cde00000, 0x00000006cde00000|
| 205|0x00000006cdf00000, 0x00000006cdf00000, 0x00000006ce000000|  0%| F|  |TS  0|AC  0|TAMS 0x00000006cdf00000, 0x00000006cdf00000|
| 206|0x00000006ce000000, 0x00000006ce000000, 0x00000006ce100000|  0%| F|  |TS  0|AC  0|TAMS 0x00000006ce000000, 0x00000006ce000000|
| 207|0x00000006ce100000, 0x00000006ce100000, 0x00000006ce200000|  0%| F|  |TS  0|AC  0|TAMS 0x00000006ce100000, 0x00000006ce100000|
| 208|0x00000006ce200000, 0x00000006ce200000, 0x00000006ce300000|  0%| F|  |TS  0|AC  0|TAMS 0x00000006ce200000, 0x00000006ce200000|
| 209|0x00000006ce300000, 0x00000006ce300000, 0x00000006ce400000|  0%| F|  |TS  0|AC  0|TAMS 0x00000006ce300000, 0x00000006ce300000|
| 210|0x00000006ce400000, 0x00000006ce400000, 0x00000006ce500000|  0%| F|  |TS  0|AC  0|TAMS 0x00000006ce400000, 0x00000006ce400000|
| 211|0x00000006ce500000, 0x00000006ce500000, 0x00000006ce600000|  0%| F|  |TS  0|AC  0|TAMS 0x00000006ce500000, 0x00000006ce500000|
| 212|0x00000006ce600000, 0x00000006ce600000, 0x00000006ce700000|  0%| F|  |TS  0|AC  0|TAMS 0x00000006ce600000, 0x00000006ce600000|
| 213|0x00000006ce700000, 0x00000006ce700000, 0x00000006ce800000|  0%| F|  |TS  0|AC  0|TAMS 0x00000006ce700000, 0x00000006ce700000|
| 214|0x00000006ce800000, 0x00000006ce800000, 0x00000006ce900000|  0%| F|  |TS  0|AC  0|TAMS 0x00000006ce800000, 0x00000006ce800000|
| 215|0x00000006ce900000, 0x00000006ce900000, 0x00000006cea00000|  0%| F|  |TS  0|AC  0|TAMS 0x00000006ce900000, 0x00000006ce900000|
| 216|0x00000006cea00000, 0x00000006cea00000, 0x00000006ceb00000|  0%| F|  |TS  0|AC  0|TAMS 0x00000006cea00000, 0x00000006cea00000|
| 217|0x00000006ceb00000, 0x00000006ceb00000, 0x00000006cec00000|  0%| F|  |TS  0|AC  0|TAMS 0x00000006ceb00000, 0x00000006ceb00000|
| 218|0x00000006cec00000, 0x00000006cec00000, 0x00000006ced00000|  0%| F|  |TS  0|AC  0|TAMS 0x00000006cec00000, 0x00000006cec00000|
| 219|0x00000006ced00000, 0x00000006ced00000, 0x00000006cee00000|  0%| F|  |TS  0|AC  0|TAMS 0x00000006ced00000, 0x00000006ced00000|
| 220|0x00000006cee00000, 0x00000006cee00000, 0x00000006cef00000|  0%| F|  |TS  0|AC  0|TAMS 0x00000006cee00000, 0x00000006cee00000|
| 221|0x00000006cef00000, 0x00000006cef00000, 0x00000006cf000000|  0%| F|  |TS  0|AC  0|TAMS 0x00000006cef00000, 0x00000006cef00000|
| 222|0x00000006cf000000, 0x00000006cf000000, 0x00000006cf100000|  0%| F|  |TS  0|AC  0|TAMS 0x00000006cf000000, 0x00000006cf000000|
| 223|0x00000006cf100000, 0x00000006cf100000, 0x00000006cf200000|  0%| F|  |TS  0|AC  0|TAMS 0x00000006cf100000, 0x00000006cf100000|
| 224|0x00000006cf200000, 0x00000006cf2ed518, 0x00000006cf300000| 92%| S|CS|TS  1|AC  0|TAMS 0x00000006cf200000, 0x00000006cf200000|
| 225|0x00000006cf300000, 0x00000006cf400000, 0x00000006cf400000|100%| S|CS|TS  1|AC  0|TAMS 0x00000006cf300000, 0x00000006cf300000|
| 226|0x00000006cf400000, 0x00000006cf400000, 0x00000006cf500000|  0%| F|  |TS  1|AC  0|TAMS 0x00000006cf400000, 0x00000006cf400000|
| 227|0x00000006cf500000, 0x00000006cf500000, 0x00000006cf600000|  0%| F|  |TS  1|AC  0|TAMS 0x00000006cf500000, 0x00000006cf500000|
| 228|0x00000006cf600000, 0x00000006cf600000, 0x00000006cf700000|  0%| F|  |TS  1|AC  0|TAMS 0x00000006cf600000, 0x00000006cf600000|
| 229|0x00000006cf700000, 0x00000006cf700000, 0x00000006cf800000|  0%| F|  |TS  1|AC  0|TAMS 0x00000006cf700000, 0x00000006cf700000|
| 230|0x00000006cf800000, 0x00000006cf800000, 0x00000006cf900000|  0%| F|  |TS  1|AC  0|TAMS 0x00000006cf800000, 0x00000006cf800000|
| 231|0x00000006cf900000, 0x00000006cf900000, 0x00000006cfa00000|  0%| F|  |TS  1|AC  0|TAMS 0x00000006cf900000, 0x00000006cf900000|
| 232|0x00000006cfa00000, 0x00000006cfa00000, 0x00000006cfb00000|  0%| F|  |TS  1|AC  0|TAMS 0x00000006cfa00000, 0x00000006cfa00000|
| 233|0x00000006cfb00000, 0x00000006cfb00000, 0x00000006cfc00000|  0%| F|  |TS  1|AC  0|TAMS 0x00000006cfb00000, 0x00000006cfb00000|
| 234|0x00000006cfc00000, 0x00000006cfc00000, 0x00000006cfd00000|  0%| F|  |TS  1|AC  0|TAMS 0x00000006cfc00000, 0x00000006cfc00000|
| 235|0x00000006cfd00000, 0x00000006cfd00000, 0x00000006cfe00000|  0%| F|  |TS  1|AC  0|TAMS 0x00000006cfd00000, 0x00000006cfd00000|
| 236|0x00000006cfe00000, 0x00000006cfe00000, 0x00000006cff00000|  0%| F|  |TS  1|AC  0|TAMS 0x00000006cfe00000, 0x00000006cfe00000|
| 237|0x00000006cff00000, 0x00000006cff00000, 0x00000006d0000000|  0%| F|  |TS  1|AC  0|TAMS 0x00000006cff00000, 0x00000006cff00000|
| 238|0x00000006d0000000, 0x00000006d0000000, 0x00000006d0100000|  0%| F|  |TS  1|AC  0|TAMS 0x00000006d0000000, 0x00000006d0000000|
| 239|0x00000006d0100000, 0x00000006d0100000, 0x00000006d0200000|  0%| F|  |TS  1|AC  0|TAMS 0x00000006d0100000, 0x00000006d0100000|
| 240|0x00000006d0200000, 0x00000006d0200000, 0x00000006d0300000|  0%| F|  |TS  1|AC  0|TAMS 0x00000006d0200000, 0x00000006d0200000|
| 241|0x00000006d0300000, 0x00000006d0300000, 0x00000006d0400000|  0%| F|  |TS  1|AC  0|TAMS 0x00000006d0300000, 0x00000006d0300000|
| 242|0x00000006d0400000, 0x00000006d0400000, 0x00000006d0500000|  0%| F|  |TS  1|AC  0|TAMS 0x00000006d0400000, 0x00000006d0400000|
| 243|0x00000006d0500000, 0x00000006d0500000, 0x00000006d0600000|  0%| F|  |TS  1|AC  0|TAMS 0x00000006d0500000, 0x00000006d0500000|
| 244|0x00000006d0600000, 0x00000006d0600000, 0x00000006d0700000|  0%| F|  |TS  1|AC  0|TAMS 0x00000006d0600000, 0x00000006d0600000|
| 245|0x00000006d0700000, 0x00000006d0700000, 0x00000006d0800000|  0%| F|  |TS  1|AC  0|TAMS 0x00000006d0700000, 0x00000006d0700000|
| 246|0x00000006d0800000, 0x00000006d0800000, 0x00000006d0900000|  0%| F|  |TS  1|AC  0|TAMS 0x00000006d0800000, 0x00000006d0800000|
| 247|0x00000006d0900000, 0x00000006d0900000, 0x00000006d0a00000|  0%| F|  |TS  1|AC  0|TAMS 0x00000006d0900000, 0x00000006d0900000|
| 248|0x00000006d0a00000, 0x00000006d0a00000, 0x00000006d0b00000|  0%| F|  |TS  1|AC  0|TAMS 0x00000006d0a00000, 0x00000006d0a00000|
| 249|0x00000006d0b00000, 0x00000006d0b00000, 0x00000006d0c00000|  0%| F|  |TS  1|AC  0|TAMS 0x00000006d0b00000, 0x00000006d0b00000|
| 250|0x00000006d0c00000, 0x00000006d0c00000, 0x00000006d0d00000|  0%| F|  |TS  1|AC  0|TAMS 0x00000006d0c00000, 0x00000006d0c00000|
| 251|0x00000006d0d00000, 0x00000006d0d00000, 0x00000006d0e00000|  0%| F|  |TS  1|AC  0|TAMS 0x00000006d0d00000, 0x00000006d0d00000|
| 252|0x00000006d0e00000, 0x00000006d0e00000, 0x00000006d0f00000|  0%| F|  |TS  1|AC  0|TAMS 0x00000006d0e00000, 0x00000006d0e00000|
| 253|0x00000006d0f00000, 0x00000006d0fc4948, 0x00000006d1000000| 76%| E|  |TS  1|AC  0|TAMS 0x00000006d0f00000, 0x00000006d0f00000|
| 254|0x00000006d1000000, 0x00000006d1100000, 0x00000006d1100000|100%| E|CS|TS  1|AC  0|TAMS 0x00000006d1000000, 0x00000006d1000000|
| 255|0x00000006d1100000, 0x00000006d1200000, 0x00000006d1200000|100%| E|CS|TS  1|AC  0|TAMS 0x00000006d1100000, 0x00000006d1100000|

Card table byte_map: [0x000002654ae70000,0x000002654b670000] byte_map_base: 0x0000026547867000

Marking Bits (Prev, Next): (CMBitMap*) 0x0000026553e788a8, (CMBitMap*) 0x0000026553e78870
 Prev Bits: [0x000002654fe30000, 0x0000026553de8000)
 Next Bits: [0x000002654be70000, 0x000002654fe28000)

Polling page: 0x0000026531f60000

CodeHeap 'non-profiled nmethods': size=120064Kb used=1187Kb max_used=1187Kb free=118876Kb
 bounds [0x0000026542b10000, 0x0000026542d80000, 0x000002654a050000]
CodeHeap 'profiled nmethods': size=120000Kb used=4659Kb max_used=4659Kb free=115340Kb
 bounds [0x000002653b5e0000, 0x000002653ba70000, 0x0000026542b10000]
CodeHeap 'non-nmethods': size=5696Kb used=1358Kb max_used=1420Kb free=4337Kb
 bounds [0x000002653b050000, 0x000002653b2c0000, 0x000002653b5e0000]
 total_blobs=3863 nmethods=2522 adapters=714
 compilation: enabled

Compilation events (10 events):
Event: 15.134 Thread 0x0000026556e78800 2373       2       jdk.internal.math.FloatingDecimal$ASCIIToBinaryBuffer::doubleValue (1194 bytes)
Event: 15.140 Thread 0x0000026556e69000 nmethod 2352 0x0000026542c22790 code [0x0000026542c22940, 0x0000026542c22d78]
Event: 15.140 Thread 0x0000026556e69000 2360       4       com.google.gson.stream.JsonReader::isLiteral (148 bytes)
Event: 15.140 Thread 0x0000026556e78800 nmethod 2373 0x000002653ba28310 code [0x000002653ba286e0, 0x000002653ba296f0]
Event: 15.141 Thread 0x0000026556e69000 nmethod 2360 0x0000026542c23110 code [0x0000026542c23760, 0x0000026542c23808]
Event: 15.141 Thread 0x0000026556e69000 2374 %     4       jdk.internal.math.FloatingDecimal$ASCIIToBinaryBuffer::doubleValue @ 65 (1194 bytes)
Event: 15.141 Thread 0x0000026556e6c000 nmethod 2366 0x0000026542c23890 code [0x0000026542c23f00, 0x0000026542c24578]
Event: 15.141 Thread 0x0000026556e6c000 2370       4       jdk.internal.math.FDBigInteger::multByPow52 (154 bytes)
Event: 15.142 Thread 0x0000026556e6c000 nmethod 2370 0x0000026542c24a90 code [0x0000026542c24c40, 0x0000026542c24d08]
Event: 15.142 Thread 0x0000026556e6c000 2350       4       java.lang.reflect.AccessibleObject::checkAccess (40 bytes)

GC Heap History (8 events):
Event: 0.530 GC heap before
{Heap before GC invocations=0 (full 0):
 garbage-first heap   total 262144K, used 14336K [0x00000006c1200000, 0x00000007c0000000)
  region size 1024K, 14 young (14336K), 0 survivors (0K)
 Metaspace       used 13508K, capacity 13944K, committed 14208K, reserved 1060864K
  class space    used 1586K, capacity 1811K, committed 1920K, reserved 1048576K
}
Event: 0.534 GC heap after
{Heap after GC invocations=1 (full 0):
 garbage-first heap   total 262144K, used 3550K [0x00000006c1200000, 0x00000007c0000000)
  region size 1024K, 2 young (2048K), 2 survivors (2048K)
 Metaspace       used 13508K, capacity 13944K, committed 14208K, reserved 1060864K
  class space    used 1586K, capacity 1811K, committed 1920K, reserved 1048576K
}
Event: 0.811 GC heap before
{Heap before GC invocations=1 (full 0):
 garbage-first heap   total 262144K, used 13790K [0x00000006c1200000, 0x00000007c0000000)
  region size 1024K, 12 young (12288K), 2 survivors (2048K)
 Metaspace       used 18875K, capacity 19459K, committed 19712K, reserved 1067008K
  class space    used 2444K, capacity 2734K, committed 2816K, reserved 1048576K
}
Event: 0.818 GC heap after
{Heap after GC invocations=2 (full 0):
 garbage-first heap   total 262144K, used 6267K [0x00000006c1200000, 0x00000007c0000000)
  region size 1024K, 2 young (2048K), 2 survivors (2048K)
 Metaspace       used 18875K, capacity 19459K, committed 19712K, reserved 1067008K
  class space    used 2444K, capacity 2734K, committed 2816K, reserved 1048576K
}
Event: 5.127 GC heap before
{Heap before GC invocations=2 (full 0):
 garbage-first heap   total 262144K, used 10363K [0x00000006c1200000, 0x00000007c0000000)
  region size 1024K, 5 young (5120K), 2 survivors (2048K)
 Metaspace       used 20449K, capacity 21059K, committed 21248K, reserved 1067008K
  class space    used 2642K, capacity 2957K, committed 3072K, reserved 1048576K
}
Event: 5.130 GC heap after
{Heap after GC invocations=3 (full 0):
 garbage-first heap   total 262144K, used 8985K [0x00000006c1200000, 0x00000007c0000000)
  region size 1024K, 3 young (3072K), 3 survivors (3072K)
 Metaspace       used 20449K, capacity 21059K, committed 21248K, reserved 1067008K
  class space    used 2642K, capacity 2957K, committed 3072K, reserved 1048576K
}
Event: 15.135 GC heap before
{Heap before GC invocations=4 (full 0):
 garbage-first heap   total 262144K, used 79641K [0x00000006c1200000, 0x00000007c0000000)
  region size 1024K, 30 young (30720K), 3 survivors (3072K)
 Metaspace       used 21761K, capacity 22464K, committed 22784K, reserved 1069056K
  class space    used 2752K, capacity 3059K, committed 3072K, reserved 1048576K
}
Event: 15.139 GC heap after
{Heap after GC invocations=5 (full 0):
 garbage-first heap   total 262144K, used 12286K [0x00000006c1200000, 0x00000007c0000000)
  region size 1024K, 2 young (2048K), 2 survivors (2048K)
 Metaspace       used 21761K, capacity 22464K, committed 22784K, reserved 1069056K
  class space    used 2752K, capacity 3059K, committed 3072K, reserved 1048576K
}

Deoptimization events (10 events):
Event: 5.234 Thread 0x0000026557559800 Uncommon trap: reason=class_check action=maybe_recompile pc=0x0000026542bd7de4 method=java.util.regex.Pattern$Start.match(Ljava/util/regex/Matcher;ILjava/lang/CharSequence;)Z @ 44 c2
Event: 5.234 Thread 0x0000026557559800 Uncommon trap: reason=class_check action=maybe_recompile pc=0x0000026542bd7de4 method=java.util.regex.Pattern$Start.match(Ljava/util/regex/Matcher;ILjava/lang/CharSequence;)Z @ 44 c2
Event: 5.234 Thread 0x0000026557559800 Uncommon trap: reason=class_check action=maybe_recompile pc=0x0000026542bd7de4 method=java.util.regex.Pattern$Start.match(Ljava/util/regex/Matcher;ILjava/lang/CharSequence;)Z @ 44 c2
Event: 5.305 Thread 0x0000026557559800 Uncommon trap: reason=unstable_if action=reinterpret pc=0x0000026542b89f88 method=java.util.concurrent.ConcurrentHashMap.get(Ljava/lang/Object;)Ljava/lang/Object; @ 76 c2
Event: 5.320 Thread 0x0000026557559800 Uncommon trap: reason=unstable_if action=reinterpret pc=0x0000026542bc93d4 method=java.lang.String.regionMatches(ILjava/lang/String;II)Z @ 32 c2
Event: 5.380 Thread 0x0000026557559800 Uncommon trap: reason=unstable_if action=reinterpret pc=0x0000026542beb1f4 method=com.google.gson.stream.JsonReader.doPeek()I @ 315 c2
Event: 15.081 Thread 0x0000026557559800 Uncommon trap: reason=unstable_if action=reinterpret pc=0x0000026542bdb800 method=sun.nio.cs.SingleByte$Decoder.decodeArrayLoop(Ljava/nio/ByteBuffer;Ljava/nio/CharBuffer;)Ljava/nio/charset/CoderResult; @ 70 c2
Event: 15.103 Thread 0x0000026557559800 Uncommon trap: reason=unstable_if action=reinterpret pc=0x0000026542bdd220 method=java.util.regex.Pattern$CharPropertyGreedy.match(Ljava/util/regex/Matcher;ILjava/lang/CharSequence;)Z @ 12 c2
Event: 15.105 Thread 0x0000026557559800 Uncommon trap: reason=unstable_if action=reinterpret pc=0x0000026542be9f44 method=com.google.gson.stream.JsonReader.peekNumber()I @ 401 c2
Event: 15.131 Thread 0x0000026557559800 Uncommon trap: reason=unstable_if action=reinterpret pc=0x0000026542bef188 method=jdk.internal.math.FloatingDecimal$ASCIIToBinaryBuffer.doubleValue()D @ 1141 c2

Classes redefined (0 events):
No events

Internal exceptions (10 events):
Event: 1.683 Thread 0x0000026557559800 Exception <a 'java/lang/NoSuchMethodError'{0x00000006d0f2c820}: method resolution failed> (0x00000006d0f2c820) thrown at [t:/workspace/open/src/hotspot/share/prims/methodHandles.cpp, line 1226]
Event: 1.683 Thread 0x0000026557559800 Exception <a 'java/lang/NoSuchMethodError'{0x00000006d0f2fc10}: java.lang.invoke.DirectMethodHandle$Holder.invokeStaticInit(Ljava/lang/Object;Ljava/lang/Object;Ljava/lang/Object;)J> (0x00000006d0f2fc10) thrown at [t:/workspace/open/src/hotspot/share/inter
Event: 1.684 Thread 0x0000026557559800 Exception <a 'java/lang/NoSuchMethodError'{0x00000006d0f42d60}: method resolution failed> (0x00000006d0f42d60) thrown at [t:/workspace/open/src/hotspot/share/prims/methodHandles.cpp, line 1226]
Event: 1.685 Thread 0x0000026557559800 Exception <a 'java/lang/NoSuchMethodError'{0x00000006d0f48ff0}: java.lang.invoke.DirectMethodHandle$Holder.invokeStatic(Ljava/lang/Object;Ljava/lang/Object;J)Ljava/lang/Object;> (0x00000006d0f48ff0) thrown at [t:/workspace/open/src/hotspot/share/interpret
Event: 1.685 Thread 0x0000026557559800 Exception <a 'java/lang/NoSuchMethodError'{0x00000006d0f4c718}: method resolution failed> (0x00000006d0f4c718) thrown at [t:/workspace/open/src/hotspot/share/prims/methodHandles.cpp, line 1226]
Event: 5.123 Thread 0x0000026557559800 Exception <a 'java/lang/NoSuchMethodError'{0x00000006d0f7b928}: java.lang.Object.lambda$negate$3(I)Z> (0x00000006d0f7b928) thrown at [t:/workspace/open/src/hotspot/share/interpreter/linkResolver.cpp, line 741]
Event: 5.123 Thread 0x0000026557559800 Exception <a 'java/lang/NoSuchMethodError'{0x00000006d0f7e740}: java.lang.Object.lambda$and$0(Ljava/util/regex/Pattern$CharPredicate;I)Z> (0x00000006d0f7e740) thrown at [t:/workspace/open/src/hotspot/share/interpreter/linkResolver.cpp, line 741]
Event: 5.320 Thread 0x0000026557559800 Exception <a 'java/lang/ClassNotFoundException'{0x00000006d0b99388}: sun/awt/resources/spi/awtProvider> (0x00000006d0b99388) thrown at [t:/workspace/open/src/hotspot/share/classfile/systemDictionary.cpp, line 233]
Event: 5.321 Thread 0x0000026557559800 Exception <a 'java/io/FileNotFoundException'{0x00000006d0b9ea68}> (0x00000006d0b9ea68) thrown at [t:/workspace/open/src/hotspot/share/prims/jni.cpp, line 611]
Event: 5.321 Thread 0x0000026557559800 Exception <a 'java/io/FileNotFoundException'{0x00000006d0ba28a8}> (0x00000006d0ba28a8) thrown at [t:/workspace/open/src/hotspot/share/prims/jni.cpp, line 611]

Events (10 events):
Event: 15.132 Thread 0x0000026557559800 DEOPT PACKING pc=0x000002653ba22ff5 sp=0x000000c47e4fb280
Event: 15.132 Thread 0x0000026557559800 DEOPT UNPACKING pc=0x000002653b0788ce sp=0x000000c47e4fa6f0 mode 0
Event: 15.134 Thread 0x0000026557559800 DEOPT PACKING pc=0x000002653ba22ff5 sp=0x000000c47e4fb290
Event: 15.134 Thread 0x0000026557559800 DEOPT UNPACKING pc=0x000002653b0788ce sp=0x000000c47e4fa700 mode 0
Event: 15.135 Executing VM operation: G1IncCollectionPause
Event: 15.139 Executing VM operation: G1IncCollectionPause done
Event: 15.141 Thread 0x0000026557559800 DEOPT PACKING pc=0x000002653ba22ff5 sp=0x000000c47e4fb2a0
Event: 15.141 Thread 0x0000026557559800 DEOPT UNPACKING pc=0x000002653b0788ce sp=0x000000c47e4fa710 mode 0
Event: 15.142 Thread 0x0000026557559800 DEOPT PACKING pc=0x000002653ba293e2 sp=0x000000c47e4fb240
Event: 15.142 Thread 0x0000026557559800 DEOPT UNPACKING pc=0x000002653b0788ce sp=0x000000c47e4fa6c0 mode 0


Dynamic libraries:
0x00007ff600100000 - 0x00007ff60013e000 	C:\Program Files\Java\jre-10.0.2\bin\javaw.exe
0x00007ffdda690000 - 0x00007ffdda871000 	C:\WINDOWS\SYSTEM32\ntdll.dll
0x00007ffdd7c50000 - 0x00007ffdd7d02000 	C:\WINDOWS\System32\KERNEL32.DLL
0x00007ffdd7880000 - 0x00007ffdd7af3000 	C:\WINDOWS\System32\KERNELBASE.dll
0x000000006a420000 - 0x000000006a73b000 	C:\ProgramData\Symantec\Symantec Endpoint Protection\14.2.760.0000.105\Data\Definitions\IPSDefs\20181026.061\IPSEng64.dll
0x00007ffdd8650000 - 0x00007ffdd86f1000 	C:\WINDOWS\System32\ADVAPI32.dll
0x00007ffdd8f90000 - 0x00007ffdd902e000 	C:\WINDOWS\System32\msvcrt.dll
0x00007ffdda600000 - 0x00007ffdda65b000 	C:\WINDOWS\System32\sechost.dll
0x00007ffdd7b20000 - 0x00007ffdd7c44000 	C:\WINDOWS\System32\RPCRT4.dll
0x00007ffdd8700000 - 0x00007ffdd8708000 	C:\WINDOWS\System32\PSAPI.DLL
0x00007ffdd9030000 - 0x00007ffdd91c0000 	C:\WINDOWS\System32\USER32.dll
0x00007ffdd7860000 - 0x00007ffdd7880000 	C:\WINDOWS\System32\win32u.dll
0x00007ffdd8590000 - 0x00007ffdd85b8000 	C:\WINDOWS\System32\GDI32.dll
0x00007ffdd76c0000 - 0x00007ffdd7852000 	C:\WINDOWS\System32\gdi32full.dll
0x00007ffdd6b20000 - 0x00007ffdd6bbf000 	C:\WINDOWS\System32\msvcp_win.dll
0x00007ffdd6cc0000 - 0x00007ffdd6dba000 	C:\WINDOWS\System32\ucrtbase.dll
0x00007ffdcc2b0000 - 0x00007ffdcc519000 	C:\WINDOWS\WinSxS\amd64_microsoft.windows.common-controls_6595b64144ccf1df_6.0.17134.285_none_fb4297e330656775\COMCTL32.dll
0x00007ffdd0e40000 - 0x00007ffdd0e4a000 	C:\WINDOWS\SYSTEM32\VERSION.dll
0x00007ffdd8260000 - 0x00007ffdd8583000 	C:\WINDOWS\System32\combase.dll
0x00007ffdd6aa0000 - 0x00007ffdd6b1a000 	C:\WINDOWS\System32\bcryptPrimitives.dll
0x00007ffdd8620000 - 0x00007ffdd864d000 	C:\WINDOWS\System32\IMM32.DLL
0x00007ffdad020000 - 0x00007ffdad10f000 	C:\Program Files\Java\jre-10.0.2\bin\msvcr120.dll
0x00007ffdab360000 - 0x00007ffdab406000 	C:\Program Files\Java\jre-10.0.2\bin\msvcp120.dll
0x00000000699b0000 - 0x000000006a420000 	C:\Program Files\Java\jre-10.0.2\bin\server\jvm.dll
0x00007ffdc9c40000 - 0x00007ffdc9c49000 	C:\WINDOWS\SYSTEM32\WSOCK32.dll
0x00007ffdd8f20000 - 0x00007ffdd8f8c000 	C:\WINDOWS\System32\WS2_32.dll
0x00007ffdd4cd0000 - 0x00007ffdd4cf3000 	C:\WINDOWS\SYSTEM32\WINMM.dll
0x00007ffdd4ca0000 - 0x00007ffdd4cca000 	C:\WINDOWS\SYSTEM32\WINMMBASE.dll
0x00007ffdd6c70000 - 0x00007ffdd6cb9000 	C:\WINDOWS\System32\cfgmgr32.dll
0x00007ffdd03d0000 - 0x00007ffdd03df000 	C:\Program Files\Java\jre-10.0.2\bin\verify.dll
0x00007ffdc5c80000 - 0x00007ffdc5e49000 	C:\WINDOWS\SYSTEM32\DBGHELP.DLL
0x00007ffdc5ae0000 - 0x00007ffdc5b09000 	C:\WINDOWS\SYSTEM32\dbgcore.DLL
0x00007ffdcbe10000 - 0x00007ffdcbe37000 	C:\Program Files\Java\jre-10.0.2\bin\java.dll
0x00007ffdd03b0000 - 0x00007ffdd03c6000 	C:\Program Files\Java\jre-10.0.2\bin\zip.dll
0x00007ffdccb40000 - 0x00007ffdccb4a000 	C:\Program Files\Java\jre-10.0.2\bin\jimage.dll
0x00007ffdd91c0000 - 0x00007ffdda600000 	C:\WINDOWS\System32\SHELL32.dll
0x00007ffdd8710000 - 0x00007ffdd87b9000 	C:\WINDOWS\System32\shcore.dll
0x00007ffdd6dc0000 - 0x00007ffdd74cd000 	C:\WINDOWS\System32\windows.storage.dll
0x00007ffdd7fa0000 - 0x00007ffdd7ff1000 	C:\WINDOWS\System32\shlwapi.dll
0x00007ffdd69e0000 - 0x00007ffdd69f1000 	C:\WINDOWS\System32\kernel.appcore.dll
0x00007ffdd6a20000 - 0x00007ffdd6a3f000 	C:\WINDOWS\System32\profapi.dll
0x00007ffdd6990000 - 0x00007ffdd69dc000 	C:\WINDOWS\System32\powrprof.dll
0x00007ffdd6980000 - 0x00007ffdd698a000 	C:\WINDOWS\System32\FLTLIB.DLL
0x00000265321c0000 - 0x00000265321c3000 	C:\Program Files\Java\jre-10.0.2\bin\api-ms-win-core-console-l1-1-0.dll
0x0000026557a20000 - 0x0000026557a23000 	C:\Program Files\Java\jre-10.0.2\bin\api-ms-win-core-datetime-l1-1-0.dll
0x0000026557a30000 - 0x0000026557a33000 	C:\Program Files\Java\jre-10.0.2\bin\api-ms-win-core-debug-l1-1-0.dll
0x0000026557a40000 - 0x0000026557a43000 	C:\Program Files\Java\jre-10.0.2\bin\api-ms-win-core-errorhandling-l1-1-0.dll
0x0000026557a50000 - 0x0000026557a54000 	C:\Program Files\Java\jre-10.0.2\bin\api-ms-win-core-file-l1-1-0.dll
0x0000026557a60000 - 0x0000026557a63000 	C:\Program Files\Java\jre-10.0.2\bin\api-ms-win-core-file-l1-2-0.dll
0x0000026557a70000 - 0x0000026557a73000 	C:\Program Files\Java\jre-10.0.2\bin\api-ms-win-core-file-l2-1-0.dll
0x0000026557a80000 - 0x0000026557a83000 	C:\Program Files\Java\jre-10.0.2\bin\api-ms-win-core-handle-l1-1-0.dll
0x0000026557a90000 - 0x0000026557a93000 	C:\Program Files\Java\jre-10.0.2\bin\api-ms-win-core-heap-l1-1-0.dll
0x0000026557aa0000 - 0x0000026557aa3000 	C:\Program Files\Java\jre-10.0.2\bin\api-ms-win-core-interlocked-l1-1-0.dll
0x0000026557ab0000 - 0x0000026557ab3000 	C:\Program Files\Java\jre-10.0.2\bin\api-ms-win-core-libraryloader-l1-1-0.dll
0x0000026557ac0000 - 0x0000026557ac3000 	C:\Program Files\Java\jre-10.0.2\bin\api-ms-win-core-localization-l1-2-0.dll
0x0000026557ad0000 - 0x0000026557ad3000 	C:\Program Files\Java\jre-10.0.2\bin\api-ms-win-core-memory-l1-1-0.dll
0x0000026557ae0000 - 0x0000026557ae3000 	C:\Program Files\Java\jre-10.0.2\bin\api-ms-win-core-namedpipe-l1-1-0.dll
0x0000026557af0000 - 0x0000026557af3000 	C:\Program Files\Java\jre-10.0.2\bin\api-ms-win-core-processenvironment-l1-1-0.dll
0x0000026557b00000 - 0x0000026557b03000 	C:\Program Files\Java\jre-10.0.2\bin\api-ms-win-core-processthreads-l1-1-0.dll
0x0000026557b10000 - 0x0000026557b13000 	C:\Program Files\Java\jre-10.0.2\bin\api-ms-win-core-processthreads-l1-1-1.dll
0x0000026557b20000 - 0x0000026557b23000 	C:\Program Files\Java\jre-10.0.2\bin\api-ms-win-core-profile-l1-1-0.dll
0x0000026557b30000 - 0x0000026557b33000 	C:\Program Files\Java\jre-10.0.2\bin\api-ms-win-core-rtlsupport-l1-1-0.dll
0x0000026557b40000 - 0x0000026557b43000 	C:\Program Files\Java\jre-10.0.2\bin\api-ms-win-core-string-l1-1-0.dll
0x0000026557b50000 - 0x0000026557b53000 	C:\Program Files\Java\jre-10.0.2\bin\api-ms-win-core-synch-l1-1-0.dll
0x0000026557b60000 - 0x0000026557b63000 	C:\Program Files\Java\jre-10.0.2\bin\api-ms-win-core-synch-l1-2-0.dll
0x0000026557b70000 - 0x0000026557b73000 	C:\Program Files\Java\jre-10.0.2\bin\api-ms-win-core-sysinfo-l1-1-0.dll
0x0000026557b80000 - 0x0000026557b83000 	C:\Program Files\Java\jre-10.0.2\bin\api-ms-win-core-timezone-l1-1-0.dll
0x0000026557b90000 - 0x0000026557b93000 	C:\Program Files\Java\jre-10.0.2\bin\api-ms-win-core-util-l1-1-0.dll
0x0000026557ba0000 - 0x0000026557ba3000 	C:\Program Files\Java\jre-10.0.2\bin\api-ms-win-crt-conio-l1-1-0.dll
0x0000026557bb0000 - 0x0000026557bb4000 	C:\Program Files\Java\jre-10.0.2\bin\api-ms-win-crt-convert-l1-1-0.dll
0x0000026557bc0000 - 0x0000026557bc3000 	C:\Program Files\Java\jre-10.0.2\bin\api-ms-win-crt-environment-l1-1-0.dll
0x0000026557bd0000 - 0x0000026557bd3000 	C:\Program Files\Java\jre-10.0.2\bin\api-ms-win-crt-filesystem-l1-1-0.dll
0x0000026557be0000 - 0x0000026557be3000 	C:\Program Files\Java\jre-10.0.2\bin\api-ms-win-crt-heap-l1-1-0.dll
0x0000026557bf0000 - 0x0000026557bf3000 	C:\Program Files\Java\jre-10.0.2\bin\api-ms-win-crt-locale-l1-1-0.dll
0x0000026557c00000 - 0x0000026557c05000 	C:\Program Files\Java\jre-10.0.2\bin\api-ms-win-crt-math-l1-1-0.dll
0x0000026557c10000 - 0x0000026557c15000 	C:\Program Files\Java\jre-10.0.2\bin\api-ms-win-crt-multibyte-l1-1-0.dll
0x0000026557c20000 - 0x0000026557c30000 	C:\Program Files\Java\jre-10.0.2\bin\api-ms-win-crt-private-l1-1-0.dll
0x0000026557c30000 - 0x0000026557c33000 	C:\Program Files\Java\jre-10.0.2\bin\api-ms-win-crt-process-l1-1-0.dll
0x0000026557c40000 - 0x0000026557c44000 	C:\Program Files\Java\jre-10.0.2\bin\api-ms-win-crt-runtime-l1-1-0.dll
0x0000026557c50000 - 0x0000026557c54000 	C:\Program Files\Java\jre-10.0.2\bin\api-ms-win-crt-stdio-l1-1-0.dll
0x0000026557c60000 - 0x0000026557c64000 	C:\Program Files\Java\jre-10.0.2\bin\api-ms-win-crt-string-l1-1-0.dll
0x0000026557c70000 - 0x0000026557c73000 	C:\Program Files\Java\jre-10.0.2\bin\api-ms-win-crt-time-l1-1-0.dll
0x0000026557c80000 - 0x0000026557c83000 	C:\Program Files\Java\jre-10.0.2\bin\api-ms-win-crt-utility-l1-1-0.dll
0x00007ffdaacf0000 - 0x00007ffdaade6000 	C:\Program Files\Java\jre-10.0.2\bin\ucrtbase.dll
0x00007ffdcb650000 - 0x00007ffdcb666000 	C:\Program Files\Java\jre-10.0.2\bin\vcruntime140.dll
0x00007ffdad8a0000 - 0x00007ffdad93c000 	C:\Program Files\Java\jre-10.0.2\bin\msvcp140.dll
0x00007ffdbd9c0000 - 0x00007ffdbda11000 	C:\Program Files\Java\jre-10.0.2\bin\concrt140.dll
0x00007ffdbf5c0000 - 0x00007ffdbf5e3000 	C:\Program Files\Java\jre-10.0.2\bin\prism_d3d.dll
0x00007ffdaa090000 - 0x00007ffdaa227000 	C:\WINDOWS\system32\d3d9.dll
0x00007ffdd5170000 - 0x00007ffdd5199000 	C:\WINDOWS\SYSTEM32\dwmapi.dll
0x00007ffdd5040000 - 0x00007ffdd50d8000 	C:\WINDOWS\system32\uxtheme.dll
0x00007ffdcdc40000 - 0x00007ffdcdd2a000 	C:\WINDOWS\System32\DriverStore\FileRepository\nvdw.inf_amd64_3e99a8f1974383f2\nvldumdx.dll
0x00007ffdd74d0000 - 0x00007ffdd76b2000 	C:\WINDOWS\System32\crypt32.dll
0x00007ffdd6a00000 - 0x00007ffdd6a12000 	C:\WINDOWS\System32\MSASN1.dll
0x00007ffdd6a40000 - 0x00007ffdd6a97000 	C:\WINDOWS\System32\WINTRUST.DLL
0x00007ffdd7b00000 - 0x00007ffdd7b1d000 	C:\WINDOWS\System32\imagehlp.dll
0x00007ffdd6350000 - 0x00007ffdd6367000 	C:\WINDOWS\SYSTEM32\CRYPTSP.dll
0x00007ffdd5d80000 - 0x00007ffdd5db3000 	C:\WINDOWS\system32\rsaenh.dll
0x00007ffdd64e0000 - 0x00007ffdd6505000 	C:\WINDOWS\SYSTEM32\bcrypt.dll
0x00007ffdd6370000 - 0x00007ffdd637b000 	C:\WINDOWS\SYSTEM32\CRYPTBASE.dll
0x00007ffd8ec60000 - 0x00007ffd8fe36000 	C:\WINDOWS\System32\DriverStore\FileRepository\nvdw.inf_amd64_3e99a8f1974383f2\nvd3dumx.dll
0x00007ffdad3c0000 - 0x00007ffdad40a000 	C:\Program Files\Java\jre-10.0.2\bin\glass.dll
0x00007ffdd7eb0000 - 0x00007ffdd7f9d000 	C:\WINDOWS\System32\COMDLG32.dll
0x00007ffdd8970000 - 0x00007ffdd8ac1000 	C:\WINDOWS\System32\ole32.dll
0x00007ffdd88a0000 - 0x00007ffdd8962000 	C:\WINDOWS\System32\OLEAUT32.dll
0x00007ffdd8020000 - 0x00007ffdd8195000 	C:\WINDOWS\System32\MSCTF.dll
0x00007ffdcb5a0000 - 0x00007ffdcb5b2000 	C:\WINDOWS\SysWOW64\LskHook64.dll
0x00007ffdc3570000 - 0x00007ffdc358a000 	C:\Program Files\Java\jre-10.0.2\bin\net.dll
0x00007ffdd2d10000 - 0x00007ffdd2dec000 	C:\WINDOWS\SYSTEM32\WINHTTP.dll
0x00007ffdd61a0000 - 0x00007ffdd6206000 	C:\WINDOWS\system32\mswsock.dll
0x00007ffdbf670000 - 0x00007ffdbf681000 	C:\Program Files\Java\jre-10.0.2\bin\nio.dll
0x00007ffd8aab0000 - 0x00007ffd8d80a000 	C:\CSC\opencv\build\java\x64\opencv_java342.dll
0x00007ffdb1e50000 - 0x00007ffdb1e79000 	C:\WINDOWS\SYSTEM32\MSVFW32.dll
0x00007ffdbd9a0000 - 0x00007ffdbd9bf000 	C:\WINDOWS\SYSTEM32\AVIFIL32.dll
0x00007ffdb9610000 - 0x00007ffdb9628000 	C:\WINDOWS\SYSTEM32\AVICAP32.dll
0x00007ffdb86a0000 - 0x00007ffdb887b000 	C:\WINDOWS\SYSTEM32\MFPlat.DLL
0x00007ffdbb710000 - 0x00007ffdbb78b000 	C:\WINDOWS\SYSTEM32\MF.dll
0x00007ffdaa380000 - 0x00007ffdaa478000 	C:\WINDOWS\SYSTEM32\MFReadWrite.dll
0x00007ffdd3aa0000 - 0x00007ffdd3dab000 	C:\WINDOWS\SYSTEM32\d3d11.dll
0x00007ffdd04e0000 - 0x00007ffdd04fc000 	C:\WINDOWS\SYSTEM32\MSACM32.dll
0x00007ffdd5740000 - 0x00007ffdd57fb000 	C:\WINDOWS\SYSTEM32\dxgi.dll
0x00007ffdb9180000 - 0x00007ffdb95ae000 	C:\WINDOWS\SYSTEM32\MFCORE.DLL
0x00007ffdd1a10000 - 0x00007ffdd1a19000 	C:\WINDOWS\SYSTEM32\ksuser.dll
0x00007ffdca680000 - 0x00007ffdca6ae000 	C:\WINDOWS\SYSTEM32\RTWorkQ.DLL
0x00007ffdb9020000 - 0x00007ffdb9034000 	C:\Program Files\Java\jre-10.0.2\bin\javafx_font.dll
0x00007ffda9300000 - 0x00007ffda949b000 	C:\Program Files\Java\jre-10.0.2\bin\awt.dll
0x00007ffdd3db0000 - 0x00007ffdd4377000 	C:\WINDOWS\SYSTEM32\d2d1.dll
0x00007ffdd4a80000 - 0x00007ffdd4b0b000 	C:\WINDOWS\SYSTEM32\apphelp.dll

dbghelp: loaded successfully - version: 4.0.5 - missing functions: none
symbol engine: initialized successfully - sym options: 0x614 - pdb path: .;C:\Program Files\Java\jre-10.0.2\bin;C:\WINDOWS\SYSTEM32;C:\ProgramData\Symantec\Symantec Endpoint Protection\14.2.760.0000.105\Data\Definitions\IPSDefs\20181026.061;C:\WINDOWS\WinSxS\amd64_microsoft.windows.common-controls_6595b64144ccf1df_6.0.17134.285_none_fb4297e330656775;C:\Program Files\Java\jre-10.0.2\bin\server;C:\WINDOWS\System32\DriverStore\FileRepository\nvdw.inf_amd64_3e99a8f1974383f2;C:\WINDOWS\SysWOW64;C:\CSC\opencv\build\java\x64;C:\Program Files\Common Files\Microsoft Shared\Ink;C:\PROGRA~1\MICROS~1\Office16;C:\PROGRA~1\MICROS~1\Office16\1033;C:\PROGRA~1\MICROS~1\Office14;C:\WINDOWS\WinSxS\amd64_microsoft.vc90.crt_1fc8b3b9a1e18e3b_9.0.30729.9415_none_08e0c10ba840a28a;C:\WINDOWS\WinSxS\amd64_microsoft.vc90.atl_1fc8b3b9a1e18e3b_9.0.30729.4148_none_0a1d2fcba76b3f00;C:\PROGRA~1\COMMON~1\MICROS~1\OFFICE14\Cultures;C:\PROGRA~1\MICROS~1\Office14\1033

VM Arguments:
jvm_args: -Djava.library.path=C:\CSC\opencv\build\java\x64 -Dfile.encoding=Cp1252 
java_command: edu.augustana.csc285.Curlew.Main
java_class_path (initial): H:\git\CurlewRepo\ChickTracker\bin;C:\CSC\opencv\build\java\opencv-342.jar;C:\CSC\eclipse\plugins\org.junit.jupiter.api_5.1.0.v20180327-1502.jar;C:\CSC\eclipse\plugins\org.junit.jupiter.engine_5.1.0.v20180327-1502.jar;C:\CSC\eclipse\plugins\org.junit.jupiter.migrationsupport_5.1.0.v20180327-1502.jar;C:\CSC\eclipse\plugins\org.junit.jupiter.params_5.1.0.v20180327-1502.jar;C:\CSC\eclipse\plugins\org.junit.platform.commons_1.1.0.v20180327-1502.jar;C:\CSC\eclipse\plugins\org.junit.platform.engine_1.1.0.v20180327-1502.jar;C:\CSC\eclipse\plugins\org.junit.platform.launcher_1.1.0.v20180327-1502.jar;C:\CSC\eclipse\plugins\org.junit.platform.runner_1.1.0.v20180327-1502.jar;C:\CSC\eclipse\plugins\org.junit.platform.suite.api_1.1.0.v20180327-1502.jar;C:\CSC\eclipse\plugins\org.junit.vintage.engine_5.1.0.v20180327-1502.jar;C:\CSC\eclipse\plugins\org.opentest4j_1.0.0.v20180327-1502.jar;C:\CSC\eclipse\plugins\org.apiguardian_1.0.0.v20180327-1502.jar;C:\CSC\eclipse\plugins\org.junit_4.12.0.v201504281640\junit.jar;C:\CSC\eclipse\plugins\org.hamcrest.core_1.3.0.v20180420-1519.jar;H:\git\CurlewRepo\ChickTracker\lib\gson-2.8.5.jar
Launcher Type: SUN_STANDARD

Logging:
Log output configuration:
#0: stdout all=warning uptime,level,tags
#1: stderr all=off uptime,level,tags

Environment Variables:
PATH=C:\Program Files (x86)\Common Files\Oracle\Java\javapath;C:\Program Files (x86)\AMD APP\bin\x86_64;C:\Program Files (x86)\AMD APP\bin\x86;C:\Program Files (x86)\Intel\iCLS Client\;C:\Program Files\Intel\iCLS Client\;C:\WINDOWS\system32;C:\WINDOWS;C:\WINDOWS\System32\Wbem;C:\WINDOWS\System32\WindowsPowerShell\v1.0\;C:\Program Files\leJOS EV3\bin;C:\Anaconda3;C:\Anaconda3\Scripts;C:\Anaconda3\Library\bin;C:\Program Files\MiKTeX 2.9\miktex\bin\x64\;C:\WINDOWS\System32\OpenSSH\;C:\Program Files\Git\cmd;C:\Users\rileysmith17\AppData\Local\Microsoft\WindowsApps;
USERNAME=rileysmith17
OS=Windows_NT
PROCESSOR_IDENTIFIER=Intel64 Family 6 Model 94 Stepping 3, GenuineIntel



---------------  S Y S T E M  ---------------

OS: Windows 10 , 64 bit Build 17134 (10.0.17134.1)

CPU:total 4 (initial active 4) (4 cores per cpu, 1 threads per core) family 6 model 94 stepping 3, cmov, cx8, fxsr, mmx, sse, sse2, sse3, ssse3, sse4.1, sse4.2, popcnt, avx, avx2, aes, clmul, erms, rtm, 3dnowpref, lzcnt, tsc, tscinvbit, bmi1, bmi2, adx, fma

Memory: 4k page, physical 16699076k(11673272k free), swap 33476292k(27174516k free)

vm_info: Java HotSpot(TM) 64-Bit Server VM (10.0.2+13) for windows-amd64 JRE (10.0.2+13), built on Jun 28 2018 01:57:56 by "mach5one" with MS VC++ 12.0 (VS2013)

END.
